[2019-10-25 23:06:57] local.ERROR: A DnsTable class already exists. {"exception":"[object] (InvalidArgumentException(code: 0): A DnsTable class already exists. at /Users/rogerrojasramirez/PhpstormProjects/dinosaurTest/vendor/laravel/framework/src/Illuminate/Database/Migrations/MigrationCreator.php:90)
[stacktrace]
#0 /Users/rogerrojasramirez/PhpstormProjects/dinosaurTest/vendor/laravel/framework/src/Illuminate/Database/Migrations/MigrationCreator.php(50): Illuminate\\Database\\Migrations\\MigrationCreator->ensureMigrationDoesntAlreadyExist('dns_table', '/Users/rogerroj...')
#1 /Users/rogerrojasramirez/PhpstormProjects/dinosaurTest/vendor/laravel/framework/src/Illuminate/Database/Console/Migrations/MigrateMakeCommand.php(110): Illuminate\\Database\\Migrations\\MigrationCreator->create('dns_table', '/Users/rogerroj...', NULL, NULL)
#2 /Users/rogerrojasramirez/PhpstormProjects/dinosaurTest/vendor/laravel/framework/src/Illuminate/Database/Console/Migrations/MigrateMakeCommand.php(94): Illuminate\\Database\\Console\\Migrations\\MigrateMakeCommand->writeMigration('dns_table', NULL, NULL)
#3 [internal function]: Illuminate\\Database\\Console\\Migrations\\MigrateMakeCommand->handle()
#4 /Users/rogerrojasramirez/PhpstormProjects/dinosaurTest/vendor/laravel/framework/src/Illuminate/Container/BoundMethod.php(32): call_user_func_array(Array, Array)
#5 /Users/rogerrojasramirez/PhpstormProjects/dinosaurTest/vendor/laravel/framework/src/Illuminate/Support/helpers.php(520): Illuminate\\Container\\BoundMethod::Illuminate\\Container\\{closure}()
#6 /Users/rogerrojasramirez/PhpstormProjects/dinosaurTest/vendor/laravel/framework/src/Illuminate/Container/BoundMethod.php(90): value(Object(Closure))
#7 /Users/rogerrojasramirez/PhpstormProjects/dinosaurTest/vendor/laravel/framework/src/Illuminate/Container/BoundMethod.php(34): Illuminate\\Container\\BoundMethod::callBoundMethod(Object(Illuminate\\Foundation\\Application), Array, Object(Closure))
#8 /Users/rogerrojasramirez/PhpstormProjects/dinosaurTest/vendor/laravel/framework/src/Illuminate/Container/Container.php(591): Illuminate\\Container\\BoundMethod::call(Object(Illuminate\\Foundation\\Application), Array, Array, NULL)
#9 /Users/rogerrojasramirez/PhpstormProjects/dinosaurTest/vendor/laravel/framework/src/Illuminate/Console/Command.php(202): Illuminate\\Container\\Container->call(Array)
#10 /Users/rogerrojasramirez/PhpstormProjects/dinosaurTest/vendor/symfony/console/Command/Command.php(255): Illuminate\\Console\\Command->execute(Object(Symfony\\Component\\Console\\Input\\ArgvInput), Object(Illuminate\\Console\\OutputStyle))
#11 /Users/rogerrojasramirez/PhpstormProjects/dinosaurTest/vendor/laravel/framework/src/Illuminate/Console/Command.php(189): Symfony\\Component\\Console\\Command\\Command->run(Object(Symfony\\Component\\Console\\Input\\ArgvInput), Object(Illuminate\\Console\\OutputStyle))
#12 /Users/rogerrojasramirez/PhpstormProjects/dinosaurTest/vendor/symfony/console/Application.php(934): Illuminate\\Console\\Command->run(Object(Symfony\\Component\\Console\\Input\\ArgvInput), Object(Symfony\\Component\\Console\\Output\\ConsoleOutput))
#13 /Users/rogerrojasramirez/PhpstormProjects/dinosaurTest/vendor/symfony/console/Application.php(273): Symfony\\Component\\Console\\Application->doRunCommand(Object(Illuminate\\Database\\Console\\Migrations\\MigrateMakeCommand), Object(Symfony\\Component\\Console\\Input\\ArgvInput), Object(Symfony\\Component\\Console\\Output\\ConsoleOutput))
#14 /Users/rogerrojasramirez/PhpstormProjects/dinosaurTest/vendor/symfony/console/Application.php(149): Symfony\\Component\\Console\\Application->doRun(Object(Symfony\\Component\\Console\\Input\\ArgvInput), Object(Symfony\\Component\\Console\\Output\\ConsoleOutput))
#15 /Users/rogerrojasramirez/PhpstormProjects/dinosaurTest/vendor/laravel/framework/src/Illuminate/Console/Application.php(90): Symfony\\Component\\Console\\Application->run(Object(Symfony\\Component\\Console\\Input\\ArgvInput), Object(Symfony\\Component\\Console\\Output\\ConsoleOutput))
#16 /Users/rogerrojasramirez/PhpstormProjects/dinosaurTest/vendor/laravel/framework/src/Illuminate/Foundation/Console/Kernel.php(131): Illuminate\\Console\\Application->run(Object(Symfony\\Component\\Console\\Input\\ArgvInput), Object(Symfony\\Component\\Console\\Output\\ConsoleOutput))
#17 /Users/rogerrojasramirez/PhpstormProjects/dinosaurTest/artisan(37): Illuminate\\Foundation\\Console\\Kernel->handle(Object(Symfony\\Component\\Console\\Input\\ArgvInput), Object(Symfony\\Component\\Console\\Output\\ConsoleOutput))
#18 {main}
"} 
[2019-10-25 23:07:45] local.ERROR: A DnsTable class already exists. {"exception":"[object] (InvalidArgumentException(code: 0): A DnsTable class already exists. at /Users/rogerrojasramirez/PhpstormProjects/dinosaurTest/vendor/laravel/framework/src/Illuminate/Database/Migrations/MigrationCreator.php:90)
[stacktrace]
#0 /Users/rogerrojasramirez/PhpstormProjects/dinosaurTest/vendor/laravel/framework/src/Illuminate/Database/Migrations/MigrationCreator.php(50): Illuminate\\Database\\Migrations\\MigrationCreator->ensureMigrationDoesntAlreadyExist('dns_table', '/Users/rogerroj...')
#1 /Users/rogerrojasramirez/PhpstormProjects/dinosaurTest/vendor/laravel/framework/src/Illuminate/Database/Console/Migrations/MigrateMakeCommand.php(110): Illuminate\\Database\\Migrations\\MigrationCreator->create('dns_table', '/Users/rogerroj...', NULL, NULL)
#2 /Users/rogerrojasramirez/PhpstormProjects/dinosaurTest/vendor/laravel/framework/src/Illuminate/Database/Console/Migrations/MigrateMakeCommand.php(94): Illuminate\\Database\\Console\\Migrations\\MigrateMakeCommand->writeMigration('dns_table', NULL, NULL)
#3 [internal function]: Illuminate\\Database\\Console\\Migrations\\MigrateMakeCommand->handle()
#4 /Users/rogerrojasramirez/PhpstormProjects/dinosaurTest/vendor/laravel/framework/src/Illuminate/Container/BoundMethod.php(32): call_user_func_array(Array, Array)
#5 /Users/rogerrojasramirez/PhpstormProjects/dinosaurTest/vendor/laravel/framework/src/Illuminate/Support/helpers.php(520): Illuminate\\Container\\BoundMethod::Illuminate\\Container\\{closure}()
#6 /Users/rogerrojasramirez/PhpstormProjects/dinosaurTest/vendor/laravel/framework/src/Illuminate/Container/BoundMethod.php(90): value(Object(Closure))
#7 /Users/rogerrojasramirez/PhpstormProjects/dinosaurTest/vendor/laravel/framework/src/Illuminate/Container/BoundMethod.php(34): Illuminate\\Container\\BoundMethod::callBoundMethod(Object(Illuminate\\Foundation\\Application), Array, Object(Closure))
#8 /Users/rogerrojasramirez/PhpstormProjects/dinosaurTest/vendor/laravel/framework/src/Illuminate/Container/Container.php(591): Illuminate\\Container\\BoundMethod::call(Object(Illuminate\\Foundation\\Application), Array, Array, NULL)
#9 /Users/rogerrojasramirez/PhpstormProjects/dinosaurTest/vendor/laravel/framework/src/Illuminate/Console/Command.php(202): Illuminate\\Container\\Container->call(Array)
#10 /Users/rogerrojasramirez/PhpstormProjects/dinosaurTest/vendor/symfony/console/Command/Command.php(255): Illuminate\\Console\\Command->execute(Object(Symfony\\Component\\Console\\Input\\ArgvInput), Object(Illuminate\\Console\\OutputStyle))
#11 /Users/rogerrojasramirez/PhpstormProjects/dinosaurTest/vendor/laravel/framework/src/Illuminate/Console/Command.php(189): Symfony\\Component\\Console\\Command\\Command->run(Object(Symfony\\Component\\Console\\Input\\ArgvInput), Object(Illuminate\\Console\\OutputStyle))
#12 /Users/rogerrojasramirez/PhpstormProjects/dinosaurTest/vendor/symfony/console/Application.php(934): Illuminate\\Console\\Command->run(Object(Symfony\\Component\\Console\\Input\\ArgvInput), Object(Symfony\\Component\\Console\\Output\\ConsoleOutput))
#13 /Users/rogerrojasramirez/PhpstormProjects/dinosaurTest/vendor/symfony/console/Application.php(273): Symfony\\Component\\Console\\Application->doRunCommand(Object(Illuminate\\Database\\Console\\Migrations\\MigrateMakeCommand), Object(Symfony\\Component\\Console\\Input\\ArgvInput), Object(Symfony\\Component\\Console\\Output\\ConsoleOutput))
#14 /Users/rogerrojasramirez/PhpstormProjects/dinosaurTest/vendor/symfony/console/Application.php(149): Symfony\\Component\\Console\\Application->doRun(Object(Symfony\\Component\\Console\\Input\\ArgvInput), Object(Symfony\\Component\\Console\\Output\\ConsoleOutput))
#15 /Users/rogerrojasramirez/PhpstormProjects/dinosaurTest/vendor/laravel/framework/src/Illuminate/Console/Application.php(90): Symfony\\Component\\Console\\Application->run(Object(Symfony\\Component\\Console\\Input\\ArgvInput), Object(Symfony\\Component\\Console\\Output\\ConsoleOutput))
#16 /Users/rogerrojasramirez/PhpstormProjects/dinosaurTest/vendor/laravel/framework/src/Illuminate/Foundation/Console/Kernel.php(131): Illuminate\\Console\\Application->run(Object(Symfony\\Component\\Console\\Input\\ArgvInput), Object(Symfony\\Component\\Console\\Output\\ConsoleOutput))
#17 /Users/rogerrojasramirez/PhpstormProjects/dinosaurTest/artisan(37): Illuminate\\Foundation\\Console\\Kernel->handle(Object(Symfony\\Component\\Console\\Input\\ArgvInput), Object(Symfony\\Component\\Console\\Output\\ConsoleOutput))
#18 {main}
"} 
[2019-10-25 23:09:18] local.ERROR: SQLSTATE[HY000]: General error: 1 duplicate column name: domain (SQL: alter table "dnsRecords" add column "domain" varchar not null) {"exception":"[object] (Illuminate\\Database\\QueryException(code: HY000): SQLSTATE[HY000]: General error: 1 duplicate column name: domain (SQL: alter table \"dnsRecords\" add column \"domain\" varchar not null) at /Users/rogerrojasramirez/PhpstormProjects/dinosaurTest/vendor/laravel/framework/src/Illuminate/Database/Connection.php:665)
[stacktrace]
#0 /Users/rogerrojasramirez/PhpstormProjects/dinosaurTest/vendor/laravel/framework/src/Illuminate/Database/Connection.php(625): Illuminate\\Database\\Connection->runQueryCallback('alter table \"dn...', Array, Object(Closure))
#1 /Users/rogerrojasramirez/PhpstormProjects/dinosaurTest/vendor/laravel/framework/src/Illuminate/Database/Connection.php(460): Illuminate\\Database\\Connection->run('alter table \"dn...', Array, Object(Closure))
#2 /Users/rogerrojasramirez/PhpstormProjects/dinosaurTest/vendor/laravel/framework/src/Illuminate/Database/Schema/Blueprint.php(97): Illuminate\\Database\\Connection->statement('alter table \"dn...')
#3 /Users/rogerrojasramirez/PhpstormProjects/dinosaurTest/vendor/laravel/framework/src/Illuminate/Database/Schema/Builder.php(290): Illuminate\\Database\\Schema\\Blueprint->build(Object(Illuminate\\Database\\SQLiteConnection), Object(Illuminate\\Database\\Schema\\Grammars\\SQLiteGrammar))
#4 /Users/rogerrojasramirez/PhpstormProjects/dinosaurTest/vendor/laravel/framework/src/Illuminate/Database/Schema/Builder.php(151): Illuminate\\Database\\Schema\\Builder->build(Object(Illuminate\\Database\\Schema\\Blueprint))
#5 /Users/rogerrojasramirez/PhpstormProjects/dinosaurTest/vendor/laravel/framework/src/Illuminate/Support/Facades/Facade.php(239): Illuminate\\Database\\Schema\\Builder->table('dnsRecords', Object(Closure))
#6 /Users/rogerrojasramirez/PhpstormProjects/dinosaurTest/database/migrations/2019_10_25_230803_dns_table_fields.php(19): Illuminate\\Support\\Facades\\Facade::__callStatic('table', Array)
#7 /Users/rogerrojasramirez/PhpstormProjects/dinosaurTest/vendor/laravel/framework/src/Illuminate/Database/Migrations/Migrator.php(387): DnsTableFields->up()
#8 /Users/rogerrojasramirez/PhpstormProjects/dinosaurTest/vendor/laravel/framework/src/Illuminate/Database/Migrations/Migrator.php(396): Illuminate\\Database\\Migrations\\Migrator->Illuminate\\Database\\Migrations\\{closure}()
#9 /Users/rogerrojasramirez/PhpstormProjects/dinosaurTest/vendor/laravel/framework/src/Illuminate/Database/Migrations/Migrator.php(197): Illuminate\\Database\\Migrations\\Migrator->runMigration(Object(DnsTableFields), 'up')
#10 /Users/rogerrojasramirez/PhpstormProjects/dinosaurTest/vendor/laravel/framework/src/Illuminate/Database/Migrations/Migrator.php(162): Illuminate\\Database\\Migrations\\Migrator->runUp('/Users/rogerroj...', 2, false)
#11 /Users/rogerrojasramirez/PhpstormProjects/dinosaurTest/vendor/laravel/framework/src/Illuminate/Database/Migrations/Migrator.php(109): Illuminate\\Database\\Migrations\\Migrator->runPending(Array, Array)
#12 /Users/rogerrojasramirez/PhpstormProjects/dinosaurTest/vendor/laravel/framework/src/Illuminate/Database/Console/Migrations/MigrateCommand.php(71): Illuminate\\Database\\Migrations\\Migrator->run(Array, Array)
#13 [internal function]: Illuminate\\Database\\Console\\Migrations\\MigrateCommand->handle()
#14 /Users/rogerrojasramirez/PhpstormProjects/dinosaurTest/vendor/laravel/framework/src/Illuminate/Container/BoundMethod.php(32): call_user_func_array(Array, Array)
#15 /Users/rogerrojasramirez/PhpstormProjects/dinosaurTest/vendor/laravel/framework/src/Illuminate/Support/helpers.php(520): Illuminate\\Container\\BoundMethod::Illuminate\\Container\\{closure}()
#16 /Users/rogerrojasramirez/PhpstormProjects/dinosaurTest/vendor/laravel/framework/src/Illuminate/Container/BoundMethod.php(90): value(Object(Closure))
#17 /Users/rogerrojasramirez/PhpstormProjects/dinosaurTest/vendor/laravel/framework/src/Illuminate/Container/BoundMethod.php(34): Illuminate\\Container\\BoundMethod::callBoundMethod(Object(Illuminate\\Foundation\\Application), Array, Object(Closure))
#18 /Users/rogerrojasramirez/PhpstormProjects/dinosaurTest/vendor/laravel/framework/src/Illuminate/Container/Container.php(591): Illuminate\\Container\\BoundMethod::call(Object(Illuminate\\Foundation\\Application), Array, Array, NULL)
#19 /Users/rogerrojasramirez/PhpstormProjects/dinosaurTest/vendor/laravel/framework/src/Illuminate/Console/Command.php(202): Illuminate\\Container\\Container->call(Array)
#20 /Users/rogerrojasramirez/PhpstormProjects/dinosaurTest/vendor/symfony/console/Command/Command.php(255): Illuminate\\Console\\Command->execute(Object(Symfony\\Component\\Console\\Input\\ArgvInput), Object(Illuminate\\Console\\OutputStyle))
#21 /Users/rogerrojasramirez/PhpstormProjects/dinosaurTest/vendor/laravel/framework/src/Illuminate/Console/Command.php(189): Symfony\\Component\\Console\\Command\\Command->run(Object(Symfony\\Component\\Console\\Input\\ArgvInput), Object(Illuminate\\Console\\OutputStyle))
#22 /Users/rogerrojasramirez/PhpstormProjects/dinosaurTest/vendor/symfony/console/Application.php(934): Illuminate\\Console\\Command->run(Object(Symfony\\Component\\Console\\Input\\ArgvInput), Object(Symfony\\Component\\Console\\Output\\ConsoleOutput))
#23 /Users/rogerrojasramirez/PhpstormProjects/dinosaurTest/vendor/symfony/console/Application.php(273): Symfony\\Component\\Console\\Application->doRunCommand(Object(Illuminate\\Database\\Console\\Migrations\\MigrateCommand), Object(Symfony\\Component\\Console\\Input\\ArgvInput), Object(Symfony\\Component\\Console\\Output\\ConsoleOutput))
#24 /Users/rogerrojasramirez/PhpstormProjects/dinosaurTest/vendor/symfony/console/Application.php(149): Symfony\\Component\\Console\\Application->doRun(Object(Symfony\\Component\\Console\\Input\\ArgvInput), Object(Symfony\\Component\\Console\\Output\\ConsoleOutput))
#25 /Users/rogerrojasramirez/PhpstormProjects/dinosaurTest/vendor/laravel/framework/src/Illuminate/Console/Application.php(90): Symfony\\Component\\Console\\Application->run(Object(Symfony\\Component\\Console\\Input\\ArgvInput), Object(Symfony\\Component\\Console\\Output\\ConsoleOutput))
#26 /Users/rogerrojasramirez/PhpstormProjects/dinosaurTest/vendor/laravel/framework/src/Illuminate/Foundation/Console/Kernel.php(131): Illuminate\\Console\\Application->run(Object(Symfony\\Component\\Console\\Input\\ArgvInput), Object(Symfony\\Component\\Console\\Output\\ConsoleOutput))
#27 /Users/rogerrojasramirez/PhpstormProjects/dinosaurTest/artisan(37): Illuminate\\Foundation\\Console\\Kernel->handle(Object(Symfony\\Component\\Console\\Input\\ArgvInput), Object(Symfony\\Component\\Console\\Output\\ConsoleOutput))
#28 {main}

[previous exception] [object] (PDOException(code: HY000): SQLSTATE[HY000]: General error: 1 duplicate column name: domain at /Users/rogerrojasramirez/PhpstormProjects/dinosaurTest/vendor/laravel/framework/src/Illuminate/Database/Connection.php:453)
[stacktrace]
#0 /Users/rogerrojasramirez/PhpstormProjects/dinosaurTest/vendor/laravel/framework/src/Illuminate/Database/Connection.php(453): PDO->prepare('alter table \"dn...')
#1 /Users/rogerrojasramirez/PhpstormProjects/dinosaurTest/vendor/laravel/framework/src/Illuminate/Database/Connection.php(658): Illuminate\\Database\\Connection->Illuminate\\Database\\{closure}('alter table \"dn...', Array)
#2 /Users/rogerrojasramirez/PhpstormProjects/dinosaurTest/vendor/laravel/framework/src/Illuminate/Database/Connection.php(625): Illuminate\\Database\\Connection->runQueryCallback('alter table \"dn...', Array, Object(Closure))
#3 /Users/rogerrojasramirez/PhpstormProjects/dinosaurTest/vendor/laravel/framework/src/Illuminate/Database/Connection.php(460): Illuminate\\Database\\Connection->run('alter table \"dn...', Array, Object(Closure))
#4 /Users/rogerrojasramirez/PhpstormProjects/dinosaurTest/vendor/laravel/framework/src/Illuminate/Database/Schema/Blueprint.php(97): Illuminate\\Database\\Connection->statement('alter table \"dn...')
#5 /Users/rogerrojasramirez/PhpstormProjects/dinosaurTest/vendor/laravel/framework/src/Illuminate/Database/Schema/Builder.php(290): Illuminate\\Database\\Schema\\Blueprint->build(Object(Illuminate\\Database\\SQLiteConnection), Object(Illuminate\\Database\\Schema\\Grammars\\SQLiteGrammar))
#6 /Users/rogerrojasramirez/PhpstormProjects/dinosaurTest/vendor/laravel/framework/src/Illuminate/Database/Schema/Builder.php(151): Illuminate\\Database\\Schema\\Builder->build(Object(Illuminate\\Database\\Schema\\Blueprint))
#7 /Users/rogerrojasramirez/PhpstormProjects/dinosaurTest/vendor/laravel/framework/src/Illuminate/Support/Facades/Facade.php(239): Illuminate\\Database\\Schema\\Builder->table('dnsRecords', Object(Closure))
#8 /Users/rogerrojasramirez/PhpstormProjects/dinosaurTest/database/migrations/2019_10_25_230803_dns_table_fields.php(19): Illuminate\\Support\\Facades\\Facade::__callStatic('table', Array)
#9 /Users/rogerrojasramirez/PhpstormProjects/dinosaurTest/vendor/laravel/framework/src/Illuminate/Database/Migrations/Migrator.php(387): DnsTableFields->up()
#10 /Users/rogerrojasramirez/PhpstormProjects/dinosaurTest/vendor/laravel/framework/src/Illuminate/Database/Migrations/Migrator.php(396): Illuminate\\Database\\Migrations\\Migrator->Illuminate\\Database\\Migrations\\{closure}()
#11 /Users/rogerrojasramirez/PhpstormProjects/dinosaurTest/vendor/laravel/framework/src/Illuminate/Database/Migrations/Migrator.php(197): Illuminate\\Database\\Migrations\\Migrator->runMigration(Object(DnsTableFields), 'up')
#12 /Users/rogerrojasramirez/PhpstormProjects/dinosaurTest/vendor/laravel/framework/src/Illuminate/Database/Migrations/Migrator.php(162): Illuminate\\Database\\Migrations\\Migrator->runUp('/Users/rogerroj...', 2, false)
#13 /Users/rogerrojasramirez/PhpstormProjects/dinosaurTest/vendor/laravel/framework/src/Illuminate/Database/Migrations/Migrator.php(109): Illuminate\\Database\\Migrations\\Migrator->runPending(Array, Array)
#14 /Users/rogerrojasramirez/PhpstormProjects/dinosaurTest/vendor/laravel/framework/src/Illuminate/Database/Console/Migrations/MigrateCommand.php(71): Illuminate\\Database\\Migrations\\Migrator->run(Array, Array)
#15 [internal function]: Illuminate\\Database\\Console\\Migrations\\MigrateCommand->handle()
#16 /Users/rogerrojasramirez/PhpstormProjects/dinosaurTest/vendor/laravel/framework/src/Illuminate/Container/BoundMethod.php(32): call_user_func_array(Array, Array)
#17 /Users/rogerrojasramirez/PhpstormProjects/dinosaurTest/vendor/laravel/framework/src/Illuminate/Support/helpers.php(520): Illuminate\\Container\\BoundMethod::Illuminate\\Container\\{closure}()
#18 /Users/rogerrojasramirez/PhpstormProjects/dinosaurTest/vendor/laravel/framework/src/Illuminate/Container/BoundMethod.php(90): value(Object(Closure))
#19 /Users/rogerrojasramirez/PhpstormProjects/dinosaurTest/vendor/laravel/framework/src/Illuminate/Container/BoundMethod.php(34): Illuminate\\Container\\BoundMethod::callBoundMethod(Object(Illuminate\\Foundation\\Application), Array, Object(Closure))
#20 /Users/rogerrojasramirez/PhpstormProjects/dinosaurTest/vendor/laravel/framework/src/Illuminate/Container/Container.php(591): Illuminate\\Container\\BoundMethod::call(Object(Illuminate\\Foundation\\Application), Array, Array, NULL)
#21 /Users/rogerrojasramirez/PhpstormProjects/dinosaurTest/vendor/laravel/framework/src/Illuminate/Console/Command.php(202): Illuminate\\Container\\Container->call(Array)
#22 /Users/rogerrojasramirez/PhpstormProjects/dinosaurTest/vendor/symfony/console/Command/Command.php(255): Illuminate\\Console\\Command->execute(Object(Symfony\\Component\\Console\\Input\\ArgvInput), Object(Illuminate\\Console\\OutputStyle))
#23 /Users/rogerrojasramirez/PhpstormProjects/dinosaurTest/vendor/laravel/framework/src/Illuminate/Console/Command.php(189): Symfony\\Component\\Console\\Command\\Command->run(Object(Symfony\\Component\\Console\\Input\\ArgvInput), Object(Illuminate\\Console\\OutputStyle))
#24 /Users/rogerrojasramirez/PhpstormProjects/dinosaurTest/vendor/symfony/console/Application.php(934): Illuminate\\Console\\Command->run(Object(Symfony\\Component\\Console\\Input\\ArgvInput), Object(Symfony\\Component\\Console\\Output\\ConsoleOutput))
#25 /Users/rogerrojasramirez/PhpstormProjects/dinosaurTest/vendor/symfony/console/Application.php(273): Symfony\\Component\\Console\\Application->doRunCommand(Object(Illuminate\\Database\\Console\\Migrations\\MigrateCommand), Object(Symfony\\Component\\Console\\Input\\ArgvInput), Object(Symfony\\Component\\Console\\Output\\ConsoleOutput))
#26 /Users/rogerrojasramirez/PhpstormProjects/dinosaurTest/vendor/symfony/console/Application.php(149): Symfony\\Component\\Console\\Application->doRun(Object(Symfony\\Component\\Console\\Input\\ArgvInput), Object(Symfony\\Component\\Console\\Output\\ConsoleOutput))
#27 /Users/rogerrojasramirez/PhpstormProjects/dinosaurTest/vendor/laravel/framework/src/Illuminate/Console/Application.php(90): Symfony\\Component\\Console\\Application->run(Object(Symfony\\Component\\Console\\Input\\ArgvInput), Object(Symfony\\Component\\Console\\Output\\ConsoleOutput))
#28 /Users/rogerrojasramirez/PhpstormProjects/dinosaurTest/vendor/laravel/framework/src/Illuminate/Foundation/Console/Kernel.php(131): Illuminate\\Console\\Application->run(Object(Symfony\\Component\\Console\\Input\\ArgvInput), Object(Symfony\\Component\\Console\\Output\\ConsoleOutput))
#29 /Users/rogerrojasramirez/PhpstormProjects/dinosaurTest/artisan(37): Illuminate\\Foundation\\Console\\Kernel->handle(Object(Symfony\\Component\\Console\\Input\\ArgvInput), Object(Symfony\\Component\\Console\\Output\\ConsoleOutput))
#30 {main}
"} 
[2019-10-25 23:26:22] local.ERROR: SQLSTATE[HY000]: General error: 1 duplicate column name: domain (SQL: alter table "dnsRecords" add column "domain" varchar not null) {"exception":"[object] (Illuminate\\Database\\QueryException(code: HY000): SQLSTATE[HY000]: General error: 1 duplicate column name: domain (SQL: alter table \"dnsRecords\" add column \"domain\" varchar not null) at /Users/rogerrojasramirez/PhpstormProjects/dinosaurTest/vendor/laravel/framework/src/Illuminate/Database/Connection.php:665)
[stacktrace]
#0 /Users/rogerrojasramirez/PhpstormProjects/dinosaurTest/vendor/laravel/framework/src/Illuminate/Database/Connection.php(625): Illuminate\\Database\\Connection->runQueryCallback('alter table \"dn...', Array, Object(Closure))
#1 /Users/rogerrojasramirez/PhpstormProjects/dinosaurTest/vendor/laravel/framework/src/Illuminate/Database/Connection.php(460): Illuminate\\Database\\Connection->run('alter table \"dn...', Array, Object(Closure))
#2 /Users/rogerrojasramirez/PhpstormProjects/dinosaurTest/vendor/laravel/framework/src/Illuminate/Database/Schema/Blueprint.php(97): Illuminate\\Database\\Connection->statement('alter table \"dn...')
#3 /Users/rogerrojasramirez/PhpstormProjects/dinosaurTest/vendor/laravel/framework/src/Illuminate/Database/Schema/Builder.php(290): Illuminate\\Database\\Schema\\Blueprint->build(Object(Illuminate\\Database\\SQLiteConnection), Object(Illuminate\\Database\\Schema\\Grammars\\SQLiteGrammar))
#4 /Users/rogerrojasramirez/PhpstormProjects/dinosaurTest/vendor/laravel/framework/src/Illuminate/Database/Schema/Builder.php(151): Illuminate\\Database\\Schema\\Builder->build(Object(Illuminate\\Database\\Schema\\Blueprint))
#5 /Users/rogerrojasramirez/PhpstormProjects/dinosaurTest/vendor/laravel/framework/src/Illuminate/Support/Facades/Facade.php(239): Illuminate\\Database\\Schema\\Builder->table('dnsRecords', Object(Closure))
#6 /Users/rogerrojasramirez/PhpstormProjects/dinosaurTest/database/migrations/2019_10_25_230803_dns_table_fields.php(19): Illuminate\\Support\\Facades\\Facade::__callStatic('table', Array)
#7 /Users/rogerrojasramirez/PhpstormProjects/dinosaurTest/vendor/laravel/framework/src/Illuminate/Database/Migrations/Migrator.php(387): DnsTableFields->up()
#8 /Users/rogerrojasramirez/PhpstormProjects/dinosaurTest/vendor/laravel/framework/src/Illuminate/Database/Migrations/Migrator.php(396): Illuminate\\Database\\Migrations\\Migrator->Illuminate\\Database\\Migrations\\{closure}()
#9 /Users/rogerrojasramirez/PhpstormProjects/dinosaurTest/vendor/laravel/framework/src/Illuminate/Database/Migrations/Migrator.php(197): Illuminate\\Database\\Migrations\\Migrator->runMigration(Object(DnsTableFields), 'up')
#10 /Users/rogerrojasramirez/PhpstormProjects/dinosaurTest/vendor/laravel/framework/src/Illuminate/Database/Migrations/Migrator.php(162): Illuminate\\Database\\Migrations\\Migrator->runUp('/Users/rogerroj...', 1, false)
#11 /Users/rogerrojasramirez/PhpstormProjects/dinosaurTest/vendor/laravel/framework/src/Illuminate/Database/Migrations/Migrator.php(109): Illuminate\\Database\\Migrations\\Migrator->runPending(Array, Array)
#12 /Users/rogerrojasramirez/PhpstormProjects/dinosaurTest/vendor/laravel/framework/src/Illuminate/Database/Console/Migrations/MigrateCommand.php(71): Illuminate\\Database\\Migrations\\Migrator->run(Array, Array)
#13 [internal function]: Illuminate\\Database\\Console\\Migrations\\MigrateCommand->handle()
#14 /Users/rogerrojasramirez/PhpstormProjects/dinosaurTest/vendor/laravel/framework/src/Illuminate/Container/BoundMethod.php(32): call_user_func_array(Array, Array)
#15 /Users/rogerrojasramirez/PhpstormProjects/dinosaurTest/vendor/laravel/framework/src/Illuminate/Support/helpers.php(520): Illuminate\\Container\\BoundMethod::Illuminate\\Container\\{closure}()
#16 /Users/rogerrojasramirez/PhpstormProjects/dinosaurTest/vendor/laravel/framework/src/Illuminate/Container/BoundMethod.php(90): value(Object(Closure))
#17 /Users/rogerrojasramirez/PhpstormProjects/dinosaurTest/vendor/laravel/framework/src/Illuminate/Container/BoundMethod.php(34): Illuminate\\Container\\BoundMethod::callBoundMethod(Object(Illuminate\\Foundation\\Application), Array, Object(Closure))
#18 /Users/rogerrojasramirez/PhpstormProjects/dinosaurTest/vendor/laravel/framework/src/Illuminate/Container/Container.php(591): Illuminate\\Container\\BoundMethod::call(Object(Illuminate\\Foundation\\Application), Array, Array, NULL)
#19 /Users/rogerrojasramirez/PhpstormProjects/dinosaurTest/vendor/laravel/framework/src/Illuminate/Console/Command.php(202): Illuminate\\Container\\Container->call(Array)
#20 /Users/rogerrojasramirez/PhpstormProjects/dinosaurTest/vendor/symfony/console/Command/Command.php(255): Illuminate\\Console\\Command->execute(Object(Symfony\\Component\\Console\\Input\\ArgvInput), Object(Illuminate\\Console\\OutputStyle))
#21 /Users/rogerrojasramirez/PhpstormProjects/dinosaurTest/vendor/laravel/framework/src/Illuminate/Console/Command.php(189): Symfony\\Component\\Console\\Command\\Command->run(Object(Symfony\\Component\\Console\\Input\\ArgvInput), Object(Illuminate\\Console\\OutputStyle))
#22 /Users/rogerrojasramirez/PhpstormProjects/dinosaurTest/vendor/symfony/console/Application.php(934): Illuminate\\Console\\Command->run(Object(Symfony\\Component\\Console\\Input\\ArgvInput), Object(Symfony\\Component\\Console\\Output\\ConsoleOutput))
#23 /Users/rogerrojasramirez/PhpstormProjects/dinosaurTest/vendor/symfony/console/Application.php(273): Symfony\\Component\\Console\\Application->doRunCommand(Object(Illuminate\\Database\\Console\\Migrations\\MigrateCommand), Object(Symfony\\Component\\Console\\Input\\ArgvInput), Object(Symfony\\Component\\Console\\Output\\ConsoleOutput))
#24 /Users/rogerrojasramirez/PhpstormProjects/dinosaurTest/vendor/symfony/console/Application.php(149): Symfony\\Component\\Console\\Application->doRun(Object(Symfony\\Component\\Console\\Input\\ArgvInput), Object(Symfony\\Component\\Console\\Output\\ConsoleOutput))
#25 /Users/rogerrojasramirez/PhpstormProjects/dinosaurTest/vendor/laravel/framework/src/Illuminate/Console/Application.php(90): Symfony\\Component\\Console\\Application->run(Object(Symfony\\Component\\Console\\Input\\ArgvInput), Object(Symfony\\Component\\Console\\Output\\ConsoleOutput))
#26 /Users/rogerrojasramirez/PhpstormProjects/dinosaurTest/vendor/laravel/framework/src/Illuminate/Foundation/Console/Kernel.php(131): Illuminate\\Console\\Application->run(Object(Symfony\\Component\\Console\\Input\\ArgvInput), Object(Symfony\\Component\\Console\\Output\\ConsoleOutput))
#27 /Users/rogerrojasramirez/PhpstormProjects/dinosaurTest/artisan(37): Illuminate\\Foundation\\Console\\Kernel->handle(Object(Symfony\\Component\\Console\\Input\\ArgvInput), Object(Symfony\\Component\\Console\\Output\\ConsoleOutput))
#28 {main}

[previous exception] [object] (PDOException(code: HY000): SQLSTATE[HY000]: General error: 1 duplicate column name: domain at /Users/rogerrojasramirez/PhpstormProjects/dinosaurTest/vendor/laravel/framework/src/Illuminate/Database/Connection.php:453)
[stacktrace]
#0 /Users/rogerrojasramirez/PhpstormProjects/dinosaurTest/vendor/laravel/framework/src/Illuminate/Database/Connection.php(453): PDO->prepare('alter table \"dn...')
#1 /Users/rogerrojasramirez/PhpstormProjects/dinosaurTest/vendor/laravel/framework/src/Illuminate/Database/Connection.php(658): Illuminate\\Database\\Connection->Illuminate\\Database\\{closure}('alter table \"dn...', Array)
#2 /Users/rogerrojasramirez/PhpstormProjects/dinosaurTest/vendor/laravel/framework/src/Illuminate/Database/Connection.php(625): Illuminate\\Database\\Connection->runQueryCallback('alter table \"dn...', Array, Object(Closure))
#3 /Users/rogerrojasramirez/PhpstormProjects/dinosaurTest/vendor/laravel/framework/src/Illuminate/Database/Connection.php(460): Illuminate\\Database\\Connection->run('alter table \"dn...', Array, Object(Closure))
#4 /Users/rogerrojasramirez/PhpstormProjects/dinosaurTest/vendor/laravel/framework/src/Illuminate/Database/Schema/Blueprint.php(97): Illuminate\\Database\\Connection->statement('alter table \"dn...')
#5 /Users/rogerrojasramirez/PhpstormProjects/dinosaurTest/vendor/laravel/framework/src/Illuminate/Database/Schema/Builder.php(290): Illuminate\\Database\\Schema\\Blueprint->build(Object(Illuminate\\Database\\SQLiteConnection), Object(Illuminate\\Database\\Schema\\Grammars\\SQLiteGrammar))
#6 /Users/rogerrojasramirez/PhpstormProjects/dinosaurTest/vendor/laravel/framework/src/Illuminate/Database/Schema/Builder.php(151): Illuminate\\Database\\Schema\\Builder->build(Object(Illuminate\\Database\\Schema\\Blueprint))
#7 /Users/rogerrojasramirez/PhpstormProjects/dinosaurTest/vendor/laravel/framework/src/Illuminate/Support/Facades/Facade.php(239): Illuminate\\Database\\Schema\\Builder->table('dnsRecords', Object(Closure))
#8 /Users/rogerrojasramirez/PhpstormProjects/dinosaurTest/database/migrations/2019_10_25_230803_dns_table_fields.php(19): Illuminate\\Support\\Facades\\Facade::__callStatic('table', Array)
#9 /Users/rogerrojasramirez/PhpstormProjects/dinosaurTest/vendor/laravel/framework/src/Illuminate/Database/Migrations/Migrator.php(387): DnsTableFields->up()
#10 /Users/rogerrojasramirez/PhpstormProjects/dinosaurTest/vendor/laravel/framework/src/Illuminate/Database/Migrations/Migrator.php(396): Illuminate\\Database\\Migrations\\Migrator->Illuminate\\Database\\Migrations\\{closure}()
#11 /Users/rogerrojasramirez/PhpstormProjects/dinosaurTest/vendor/laravel/framework/src/Illuminate/Database/Migrations/Migrator.php(197): Illuminate\\Database\\Migrations\\Migrator->runMigration(Object(DnsTableFields), 'up')
#12 /Users/rogerrojasramirez/PhpstormProjects/dinosaurTest/vendor/laravel/framework/src/Illuminate/Database/Migrations/Migrator.php(162): Illuminate\\Database\\Migrations\\Migrator->runUp('/Users/rogerroj...', 1, false)
#13 /Users/rogerrojasramirez/PhpstormProjects/dinosaurTest/vendor/laravel/framework/src/Illuminate/Database/Migrations/Migrator.php(109): Illuminate\\Database\\Migrations\\Migrator->runPending(Array, Array)
#14 /Users/rogerrojasramirez/PhpstormProjects/dinosaurTest/vendor/laravel/framework/src/Illuminate/Database/Console/Migrations/MigrateCommand.php(71): Illuminate\\Database\\Migrations\\Migrator->run(Array, Array)
#15 [internal function]: Illuminate\\Database\\Console\\Migrations\\MigrateCommand->handle()
#16 /Users/rogerrojasramirez/PhpstormProjects/dinosaurTest/vendor/laravel/framework/src/Illuminate/Container/BoundMethod.php(32): call_user_func_array(Array, Array)
#17 /Users/rogerrojasramirez/PhpstormProjects/dinosaurTest/vendor/laravel/framework/src/Illuminate/Support/helpers.php(520): Illuminate\\Container\\BoundMethod::Illuminate\\Container\\{closure}()
#18 /Users/rogerrojasramirez/PhpstormProjects/dinosaurTest/vendor/laravel/framework/src/Illuminate/Container/BoundMethod.php(90): value(Object(Closure))
#19 /Users/rogerrojasramirez/PhpstormProjects/dinosaurTest/vendor/laravel/framework/src/Illuminate/Container/BoundMethod.php(34): Illuminate\\Container\\BoundMethod::callBoundMethod(Object(Illuminate\\Foundation\\Application), Array, Object(Closure))
#20 /Users/rogerrojasramirez/PhpstormProjects/dinosaurTest/vendor/laravel/framework/src/Illuminate/Container/Container.php(591): Illuminate\\Container\\BoundMethod::call(Object(Illuminate\\Foundation\\Application), Array, Array, NULL)
#21 /Users/rogerrojasramirez/PhpstormProjects/dinosaurTest/vendor/laravel/framework/src/Illuminate/Console/Command.php(202): Illuminate\\Container\\Container->call(Array)
#22 /Users/rogerrojasramirez/PhpstormProjects/dinosaurTest/vendor/symfony/console/Command/Command.php(255): Illuminate\\Console\\Command->execute(Object(Symfony\\Component\\Console\\Input\\ArgvInput), Object(Illuminate\\Console\\OutputStyle))
#23 /Users/rogerrojasramirez/PhpstormProjects/dinosaurTest/vendor/laravel/framework/src/Illuminate/Console/Command.php(189): Symfony\\Component\\Console\\Command\\Command->run(Object(Symfony\\Component\\Console\\Input\\ArgvInput), Object(Illuminate\\Console\\OutputStyle))
#24 /Users/rogerrojasramirez/PhpstormProjects/dinosaurTest/vendor/symfony/console/Application.php(934): Illuminate\\Console\\Command->run(Object(Symfony\\Component\\Console\\Input\\ArgvInput), Object(Symfony\\Component\\Console\\Output\\ConsoleOutput))
#25 /Users/rogerrojasramirez/PhpstormProjects/dinosaurTest/vendor/symfony/console/Application.php(273): Symfony\\Component\\Console\\Application->doRunCommand(Object(Illuminate\\Database\\Console\\Migrations\\MigrateCommand), Object(Symfony\\Component\\Console\\Input\\ArgvInput), Object(Symfony\\Component\\Console\\Output\\ConsoleOutput))
#26 /Users/rogerrojasramirez/PhpstormProjects/dinosaurTest/vendor/symfony/console/Application.php(149): Symfony\\Component\\Console\\Application->doRun(Object(Symfony\\Component\\Console\\Input\\ArgvInput), Object(Symfony\\Component\\Console\\Output\\ConsoleOutput))
#27 /Users/rogerrojasramirez/PhpstormProjects/dinosaurTest/vendor/laravel/framework/src/Illuminate/Console/Application.php(90): Symfony\\Component\\Console\\Application->run(Object(Symfony\\Component\\Console\\Input\\ArgvInput), Object(Symfony\\Component\\Console\\Output\\ConsoleOutput))
#28 /Users/rogerrojasramirez/PhpstormProjects/dinosaurTest/vendor/laravel/framework/src/Illuminate/Foundation/Console/Kernel.php(131): Illuminate\\Console\\Application->run(Object(Symfony\\Component\\Console\\Input\\ArgvInput), Object(Symfony\\Component\\Console\\Output\\ConsoleOutput))
#29 /Users/rogerrojasramirez/PhpstormProjects/dinosaurTest/artisan(37): Illuminate\\Foundation\\Console\\Kernel->handle(Object(Symfony\\Component\\Console\\Input\\ArgvInput), Object(Symfony\\Component\\Console\\Output\\ConsoleOutput))
#30 {main}
"} 
[2019-10-25 23:30:58] local.ERROR: SQLSTATE[HY000]: General error: 1 Cannot add a NOT NULL column with default value NULL (SQL: alter table "dnsRecords" add column "records" varchar not null) {"exception":"[object] (Illuminate\\Database\\QueryException(code: HY000): SQLSTATE[HY000]: General error: 1 Cannot add a NOT NULL column with default value NULL (SQL: alter table \"dnsRecords\" add column \"records\" varchar not null) at /Users/rogerrojasramirez/PhpstormProjects/dinosaurTest/vendor/laravel/framework/src/Illuminate/Database/Connection.php:665)
[stacktrace]
#0 /Users/rogerrojasramirez/PhpstormProjects/dinosaurTest/vendor/laravel/framework/src/Illuminate/Database/Connection.php(625): Illuminate\\Database\\Connection->runQueryCallback('alter table \"dn...', Array, Object(Closure))
#1 /Users/rogerrojasramirez/PhpstormProjects/dinosaurTest/vendor/laravel/framework/src/Illuminate/Database/Connection.php(460): Illuminate\\Database\\Connection->run('alter table \"dn...', Array, Object(Closure))
#2 /Users/rogerrojasramirez/PhpstormProjects/dinosaurTest/vendor/laravel/framework/src/Illuminate/Database/Schema/Blueprint.php(97): Illuminate\\Database\\Connection->statement('alter table \"dn...')
#3 /Users/rogerrojasramirez/PhpstormProjects/dinosaurTest/vendor/laravel/framework/src/Illuminate/Database/Schema/Builder.php(290): Illuminate\\Database\\Schema\\Blueprint->build(Object(Illuminate\\Database\\SQLiteConnection), Object(Illuminate\\Database\\Schema\\Grammars\\SQLiteGrammar))
#4 /Users/rogerrojasramirez/PhpstormProjects/dinosaurTest/vendor/laravel/framework/src/Illuminate/Database/Schema/Builder.php(151): Illuminate\\Database\\Schema\\Builder->build(Object(Illuminate\\Database\\Schema\\Blueprint))
#5 /Users/rogerrojasramirez/PhpstormProjects/dinosaurTest/vendor/laravel/framework/src/Illuminate/Support/Facades/Facade.php(239): Illuminate\\Database\\Schema\\Builder->table('dnsRecords', Object(Closure))
#6 /Users/rogerrojasramirez/PhpstormProjects/dinosaurTest/database/migrations/2019_10_25_230803_dns_table_fields.php(23): Illuminate\\Support\\Facades\\Facade::__callStatic('table', Array)
#7 /Users/rogerrojasramirez/PhpstormProjects/dinosaurTest/vendor/laravel/framework/src/Illuminate/Database/Migrations/Migrator.php(387): DnsTableFields->up()
#8 /Users/rogerrojasramirez/PhpstormProjects/dinosaurTest/vendor/laravel/framework/src/Illuminate/Database/Migrations/Migrator.php(396): Illuminate\\Database\\Migrations\\Migrator->Illuminate\\Database\\Migrations\\{closure}()
#9 /Users/rogerrojasramirez/PhpstormProjects/dinosaurTest/vendor/laravel/framework/src/Illuminate/Database/Migrations/Migrator.php(197): Illuminate\\Database\\Migrations\\Migrator->runMigration(Object(DnsTableFields), 'up')
#10 /Users/rogerrojasramirez/PhpstormProjects/dinosaurTest/vendor/laravel/framework/src/Illuminate/Database/Migrations/Migrator.php(162): Illuminate\\Database\\Migrations\\Migrator->runUp('/Users/rogerroj...', 1, false)
#11 /Users/rogerrojasramirez/PhpstormProjects/dinosaurTest/vendor/laravel/framework/src/Illuminate/Database/Migrations/Migrator.php(109): Illuminate\\Database\\Migrations\\Migrator->runPending(Array, Array)
#12 /Users/rogerrojasramirez/PhpstormProjects/dinosaurTest/vendor/laravel/framework/src/Illuminate/Database/Console/Migrations/MigrateCommand.php(71): Illuminate\\Database\\Migrations\\Migrator->run(Array, Array)
#13 [internal function]: Illuminate\\Database\\Console\\Migrations\\MigrateCommand->handle()
#14 /Users/rogerrojasramirez/PhpstormProjects/dinosaurTest/vendor/laravel/framework/src/Illuminate/Container/BoundMethod.php(32): call_user_func_array(Array, Array)
#15 /Users/rogerrojasramirez/PhpstormProjects/dinosaurTest/vendor/laravel/framework/src/Illuminate/Support/helpers.php(520): Illuminate\\Container\\BoundMethod::Illuminate\\Container\\{closure}()
#16 /Users/rogerrojasramirez/PhpstormProjects/dinosaurTest/vendor/laravel/framework/src/Illuminate/Container/BoundMethod.php(90): value(Object(Closure))
#17 /Users/rogerrojasramirez/PhpstormProjects/dinosaurTest/vendor/laravel/framework/src/Illuminate/Container/BoundMethod.php(34): Illuminate\\Container\\BoundMethod::callBoundMethod(Object(Illuminate\\Foundation\\Application), Array, Object(Closure))
#18 /Users/rogerrojasramirez/PhpstormProjects/dinosaurTest/vendor/laravel/framework/src/Illuminate/Container/Container.php(591): Illuminate\\Container\\BoundMethod::call(Object(Illuminate\\Foundation\\Application), Array, Array, NULL)
#19 /Users/rogerrojasramirez/PhpstormProjects/dinosaurTest/vendor/laravel/framework/src/Illuminate/Console/Command.php(202): Illuminate\\Container\\Container->call(Array)
#20 /Users/rogerrojasramirez/PhpstormProjects/dinosaurTest/vendor/symfony/console/Command/Command.php(255): Illuminate\\Console\\Command->execute(Object(Symfony\\Component\\Console\\Input\\ArgvInput), Object(Illuminate\\Console\\OutputStyle))
#21 /Users/rogerrojasramirez/PhpstormProjects/dinosaurTest/vendor/laravel/framework/src/Illuminate/Console/Command.php(189): Symfony\\Component\\Console\\Command\\Command->run(Object(Symfony\\Component\\Console\\Input\\ArgvInput), Object(Illuminate\\Console\\OutputStyle))
#22 /Users/rogerrojasramirez/PhpstormProjects/dinosaurTest/vendor/symfony/console/Application.php(934): Illuminate\\Console\\Command->run(Object(Symfony\\Component\\Console\\Input\\ArgvInput), Object(Symfony\\Component\\Console\\Output\\ConsoleOutput))
#23 /Users/rogerrojasramirez/PhpstormProjects/dinosaurTest/vendor/symfony/console/Application.php(273): Symfony\\Component\\Console\\Application->doRunCommand(Object(Illuminate\\Database\\Console\\Migrations\\MigrateCommand), Object(Symfony\\Component\\Console\\Input\\ArgvInput), Object(Symfony\\Component\\Console\\Output\\ConsoleOutput))
#24 /Users/rogerrojasramirez/PhpstormProjects/dinosaurTest/vendor/symfony/console/Application.php(149): Symfony\\Component\\Console\\Application->doRun(Object(Symfony\\Component\\Console\\Input\\ArgvInput), Object(Symfony\\Component\\Console\\Output\\ConsoleOutput))
#25 /Users/rogerrojasramirez/PhpstormProjects/dinosaurTest/vendor/laravel/framework/src/Illuminate/Console/Application.php(90): Symfony\\Component\\Console\\Application->run(Object(Symfony\\Component\\Console\\Input\\ArgvInput), Object(Symfony\\Component\\Console\\Output\\ConsoleOutput))
#26 /Users/rogerrojasramirez/PhpstormProjects/dinosaurTest/vendor/laravel/framework/src/Illuminate/Foundation/Console/Kernel.php(131): Illuminate\\Console\\Application->run(Object(Symfony\\Component\\Console\\Input\\ArgvInput), Object(Symfony\\Component\\Console\\Output\\ConsoleOutput))
#27 /Users/rogerrojasramirez/PhpstormProjects/dinosaurTest/artisan(37): Illuminate\\Foundation\\Console\\Kernel->handle(Object(Symfony\\Component\\Console\\Input\\ArgvInput), Object(Symfony\\Component\\Console\\Output\\ConsoleOutput))
#28 {main}

[previous exception] [object] (PDOException(code: HY000): SQLSTATE[HY000]: General error: 1 Cannot add a NOT NULL column with default value NULL at /Users/rogerrojasramirez/PhpstormProjects/dinosaurTest/vendor/laravel/framework/src/Illuminate/Database/Connection.php:453)
[stacktrace]
#0 /Users/rogerrojasramirez/PhpstormProjects/dinosaurTest/vendor/laravel/framework/src/Illuminate/Database/Connection.php(453): PDO->prepare('alter table \"dn...')
#1 /Users/rogerrojasramirez/PhpstormProjects/dinosaurTest/vendor/laravel/framework/src/Illuminate/Database/Connection.php(658): Illuminate\\Database\\Connection->Illuminate\\Database\\{closure}('alter table \"dn...', Array)
#2 /Users/rogerrojasramirez/PhpstormProjects/dinosaurTest/vendor/laravel/framework/src/Illuminate/Database/Connection.php(625): Illuminate\\Database\\Connection->runQueryCallback('alter table \"dn...', Array, Object(Closure))
#3 /Users/rogerrojasramirez/PhpstormProjects/dinosaurTest/vendor/laravel/framework/src/Illuminate/Database/Connection.php(460): Illuminate\\Database\\Connection->run('alter table \"dn...', Array, Object(Closure))
#4 /Users/rogerrojasramirez/PhpstormProjects/dinosaurTest/vendor/laravel/framework/src/Illuminate/Database/Schema/Blueprint.php(97): Illuminate\\Database\\Connection->statement('alter table \"dn...')
#5 /Users/rogerrojasramirez/PhpstormProjects/dinosaurTest/vendor/laravel/framework/src/Illuminate/Database/Schema/Builder.php(290): Illuminate\\Database\\Schema\\Blueprint->build(Object(Illuminate\\Database\\SQLiteConnection), Object(Illuminate\\Database\\Schema\\Grammars\\SQLiteGrammar))
#6 /Users/rogerrojasramirez/PhpstormProjects/dinosaurTest/vendor/laravel/framework/src/Illuminate/Database/Schema/Builder.php(151): Illuminate\\Database\\Schema\\Builder->build(Object(Illuminate\\Database\\Schema\\Blueprint))
#7 /Users/rogerrojasramirez/PhpstormProjects/dinosaurTest/vendor/laravel/framework/src/Illuminate/Support/Facades/Facade.php(239): Illuminate\\Database\\Schema\\Builder->table('dnsRecords', Object(Closure))
#8 /Users/rogerrojasramirez/PhpstormProjects/dinosaurTest/database/migrations/2019_10_25_230803_dns_table_fields.php(23): Illuminate\\Support\\Facades\\Facade::__callStatic('table', Array)
#9 /Users/rogerrojasramirez/PhpstormProjects/dinosaurTest/vendor/laravel/framework/src/Illuminate/Database/Migrations/Migrator.php(387): DnsTableFields->up()
#10 /Users/rogerrojasramirez/PhpstormProjects/dinosaurTest/vendor/laravel/framework/src/Illuminate/Database/Migrations/Migrator.php(396): Illuminate\\Database\\Migrations\\Migrator->Illuminate\\Database\\Migrations\\{closure}()
#11 /Users/rogerrojasramirez/PhpstormProjects/dinosaurTest/vendor/laravel/framework/src/Illuminate/Database/Migrations/Migrator.php(197): Illuminate\\Database\\Migrations\\Migrator->runMigration(Object(DnsTableFields), 'up')
#12 /Users/rogerrojasramirez/PhpstormProjects/dinosaurTest/vendor/laravel/framework/src/Illuminate/Database/Migrations/Migrator.php(162): Illuminate\\Database\\Migrations\\Migrator->runUp('/Users/rogerroj...', 1, false)
#13 /Users/rogerrojasramirez/PhpstormProjects/dinosaurTest/vendor/laravel/framework/src/Illuminate/Database/Migrations/Migrator.php(109): Illuminate\\Database\\Migrations\\Migrator->runPending(Array, Array)
#14 /Users/rogerrojasramirez/PhpstormProjects/dinosaurTest/vendor/laravel/framework/src/Illuminate/Database/Console/Migrations/MigrateCommand.php(71): Illuminate\\Database\\Migrations\\Migrator->run(Array, Array)
#15 [internal function]: Illuminate\\Database\\Console\\Migrations\\MigrateCommand->handle()
#16 /Users/rogerrojasramirez/PhpstormProjects/dinosaurTest/vendor/laravel/framework/src/Illuminate/Container/BoundMethod.php(32): call_user_func_array(Array, Array)
#17 /Users/rogerrojasramirez/PhpstormProjects/dinosaurTest/vendor/laravel/framework/src/Illuminate/Support/helpers.php(520): Illuminate\\Container\\BoundMethod::Illuminate\\Container\\{closure}()
#18 /Users/rogerrojasramirez/PhpstormProjects/dinosaurTest/vendor/laravel/framework/src/Illuminate/Container/BoundMethod.php(90): value(Object(Closure))
#19 /Users/rogerrojasramirez/PhpstormProjects/dinosaurTest/vendor/laravel/framework/src/Illuminate/Container/BoundMethod.php(34): Illuminate\\Container\\BoundMethod::callBoundMethod(Object(Illuminate\\Foundation\\Application), Array, Object(Closure))
#20 /Users/rogerrojasramirez/PhpstormProjects/dinosaurTest/vendor/laravel/framework/src/Illuminate/Container/Container.php(591): Illuminate\\Container\\BoundMethod::call(Object(Illuminate\\Foundation\\Application), Array, Array, NULL)
#21 /Users/rogerrojasramirez/PhpstormProjects/dinosaurTest/vendor/laravel/framework/src/Illuminate/Console/Command.php(202): Illuminate\\Container\\Container->call(Array)
#22 /Users/rogerrojasramirez/PhpstormProjects/dinosaurTest/vendor/symfony/console/Command/Command.php(255): Illuminate\\Console\\Command->execute(Object(Symfony\\Component\\Console\\Input\\ArgvInput), Object(Illuminate\\Console\\OutputStyle))
#23 /Users/rogerrojasramirez/PhpstormProjects/dinosaurTest/vendor/laravel/framework/src/Illuminate/Console/Command.php(189): Symfony\\Component\\Console\\Command\\Command->run(Object(Symfony\\Component\\Console\\Input\\ArgvInput), Object(Illuminate\\Console\\OutputStyle))
#24 /Users/rogerrojasramirez/PhpstormProjects/dinosaurTest/vendor/symfony/console/Application.php(934): Illuminate\\Console\\Command->run(Object(Symfony\\Component\\Console\\Input\\ArgvInput), Object(Symfony\\Component\\Console\\Output\\ConsoleOutput))
#25 /Users/rogerrojasramirez/PhpstormProjects/dinosaurTest/vendor/symfony/console/Application.php(273): Symfony\\Component\\Console\\Application->doRunCommand(Object(Illuminate\\Database\\Console\\Migrations\\MigrateCommand), Object(Symfony\\Component\\Console\\Input\\ArgvInput), Object(Symfony\\Component\\Console\\Output\\ConsoleOutput))
#26 /Users/rogerrojasramirez/PhpstormProjects/dinosaurTest/vendor/symfony/console/Application.php(149): Symfony\\Component\\Console\\Application->doRun(Object(Symfony\\Component\\Console\\Input\\ArgvInput), Object(Symfony\\Component\\Console\\Output\\ConsoleOutput))
#27 /Users/rogerrojasramirez/PhpstormProjects/dinosaurTest/vendor/laravel/framework/src/Illuminate/Console/Application.php(90): Symfony\\Component\\Console\\Application->run(Object(Symfony\\Component\\Console\\Input\\ArgvInput), Object(Symfony\\Component\\Console\\Output\\ConsoleOutput))
#28 /Users/rogerrojasramirez/PhpstormProjects/dinosaurTest/vendor/laravel/framework/src/Illuminate/Foundation/Console/Kernel.php(131): Illuminate\\Console\\Application->run(Object(Symfony\\Component\\Console\\Input\\ArgvInput), Object(Symfony\\Component\\Console\\Output\\ConsoleOutput))
#29 /Users/rogerrojasramirez/PhpstormProjects/dinosaurTest/artisan(37): Illuminate\\Foundation\\Console\\Kernel->handle(Object(Symfony\\Component\\Console\\Input\\ArgvInput), Object(Symfony\\Component\\Console\\Output\\ConsoleOutput))
#30 {main}
"} 
[2019-10-25 23:33:43] local.ERROR: SQLSTATE[HY000]: General error: 1 Cannot add a NOT NULL column with default value NULL (SQL: alter table "dnsRecords" add column "records" varchar not null) {"exception":"[object] (Illuminate\\Database\\QueryException(code: HY000): SQLSTATE[HY000]: General error: 1 Cannot add a NOT NULL column with default value NULL (SQL: alter table \"dnsRecords\" add column \"records\" varchar not null) at /Users/rogerrojasramirez/PhpstormProjects/dinosaurTest/vendor/laravel/framework/src/Illuminate/Database/Connection.php:665)
[stacktrace]
#0 /Users/rogerrojasramirez/PhpstormProjects/dinosaurTest/vendor/laravel/framework/src/Illuminate/Database/Connection.php(625): Illuminate\\Database\\Connection->runQueryCallback('alter table \"dn...', Array, Object(Closure))
#1 /Users/rogerrojasramirez/PhpstormProjects/dinosaurTest/vendor/laravel/framework/src/Illuminate/Database/Connection.php(460): Illuminate\\Database\\Connection->run('alter table \"dn...', Array, Object(Closure))
#2 /Users/rogerrojasramirez/PhpstormProjects/dinosaurTest/vendor/laravel/framework/src/Illuminate/Database/Schema/Blueprint.php(97): Illuminate\\Database\\Connection->statement('alter table \"dn...')
#3 /Users/rogerrojasramirez/PhpstormProjects/dinosaurTest/vendor/laravel/framework/src/Illuminate/Database/Schema/Builder.php(290): Illuminate\\Database\\Schema\\Blueprint->build(Object(Illuminate\\Database\\SQLiteConnection), Object(Illuminate\\Database\\Schema\\Grammars\\SQLiteGrammar))
#4 /Users/rogerrojasramirez/PhpstormProjects/dinosaurTest/vendor/laravel/framework/src/Illuminate/Database/Schema/Builder.php(151): Illuminate\\Database\\Schema\\Builder->build(Object(Illuminate\\Database\\Schema\\Blueprint))
#5 /Users/rogerrojasramirez/PhpstormProjects/dinosaurTest/vendor/laravel/framework/src/Illuminate/Support/Facades/Facade.php(239): Illuminate\\Database\\Schema\\Builder->table('dnsRecords', Object(Closure))
#6 /Users/rogerrojasramirez/PhpstormProjects/dinosaurTest/database/migrations/2019_10_25_230803_dns_table_fields.php(23): Illuminate\\Support\\Facades\\Facade::__callStatic('table', Array)
#7 /Users/rogerrojasramirez/PhpstormProjects/dinosaurTest/vendor/laravel/framework/src/Illuminate/Database/Migrations/Migrator.php(387): DnsTableFields->up()
#8 /Users/rogerrojasramirez/PhpstormProjects/dinosaurTest/vendor/laravel/framework/src/Illuminate/Database/Migrations/Migrator.php(396): Illuminate\\Database\\Migrations\\Migrator->Illuminate\\Database\\Migrations\\{closure}()
#9 /Users/rogerrojasramirez/PhpstormProjects/dinosaurTest/vendor/laravel/framework/src/Illuminate/Database/Migrations/Migrator.php(197): Illuminate\\Database\\Migrations\\Migrator->runMigration(Object(DnsTableFields), 'up')
#10 /Users/rogerrojasramirez/PhpstormProjects/dinosaurTest/vendor/laravel/framework/src/Illuminate/Database/Migrations/Migrator.php(162): Illuminate\\Database\\Migrations\\Migrator->runUp('/Users/rogerroj...', 2, false)
#11 /Users/rogerrojasramirez/PhpstormProjects/dinosaurTest/vendor/laravel/framework/src/Illuminate/Database/Migrations/Migrator.php(109): Illuminate\\Database\\Migrations\\Migrator->runPending(Array, Array)
#12 /Users/rogerrojasramirez/PhpstormProjects/dinosaurTest/vendor/laravel/framework/src/Illuminate/Database/Console/Migrations/MigrateCommand.php(71): Illuminate\\Database\\Migrations\\Migrator->run(Array, Array)
#13 [internal function]: Illuminate\\Database\\Console\\Migrations\\MigrateCommand->handle()
#14 /Users/rogerrojasramirez/PhpstormProjects/dinosaurTest/vendor/laravel/framework/src/Illuminate/Container/BoundMethod.php(32): call_user_func_array(Array, Array)
#15 /Users/rogerrojasramirez/PhpstormProjects/dinosaurTest/vendor/laravel/framework/src/Illuminate/Support/helpers.php(520): Illuminate\\Container\\BoundMethod::Illuminate\\Container\\{closure}()
#16 /Users/rogerrojasramirez/PhpstormProjects/dinosaurTest/vendor/laravel/framework/src/Illuminate/Container/BoundMethod.php(90): value(Object(Closure))
#17 /Users/rogerrojasramirez/PhpstormProjects/dinosaurTest/vendor/laravel/framework/src/Illuminate/Container/BoundMethod.php(34): Illuminate\\Container\\BoundMethod::callBoundMethod(Object(Illuminate\\Foundation\\Application), Array, Object(Closure))
#18 /Users/rogerrojasramirez/PhpstormProjects/dinosaurTest/vendor/laravel/framework/src/Illuminate/Container/Container.php(591): Illuminate\\Container\\BoundMethod::call(Object(Illuminate\\Foundation\\Application), Array, Array, NULL)
#19 /Users/rogerrojasramirez/PhpstormProjects/dinosaurTest/vendor/laravel/framework/src/Illuminate/Console/Command.php(202): Illuminate\\Container\\Container->call(Array)
#20 /Users/rogerrojasramirez/PhpstormProjects/dinosaurTest/vendor/symfony/console/Command/Command.php(255): Illuminate\\Console\\Command->execute(Object(Symfony\\Component\\Console\\Input\\ArgvInput), Object(Illuminate\\Console\\OutputStyle))
#21 /Users/rogerrojasramirez/PhpstormProjects/dinosaurTest/vendor/laravel/framework/src/Illuminate/Console/Command.php(189): Symfony\\Component\\Console\\Command\\Command->run(Object(Symfony\\Component\\Console\\Input\\ArgvInput), Object(Illuminate\\Console\\OutputStyle))
#22 /Users/rogerrojasramirez/PhpstormProjects/dinosaurTest/vendor/symfony/console/Application.php(934): Illuminate\\Console\\Command->run(Object(Symfony\\Component\\Console\\Input\\ArgvInput), Object(Symfony\\Component\\Console\\Output\\ConsoleOutput))
#23 /Users/rogerrojasramirez/PhpstormProjects/dinosaurTest/vendor/symfony/console/Application.php(273): Symfony\\Component\\Console\\Application->doRunCommand(Object(Illuminate\\Database\\Console\\Migrations\\MigrateCommand), Object(Symfony\\Component\\Console\\Input\\ArgvInput), Object(Symfony\\Component\\Console\\Output\\ConsoleOutput))
#24 /Users/rogerrojasramirez/PhpstormProjects/dinosaurTest/vendor/symfony/console/Application.php(149): Symfony\\Component\\Console\\Application->doRun(Object(Symfony\\Component\\Console\\Input\\ArgvInput), Object(Symfony\\Component\\Console\\Output\\ConsoleOutput))
#25 /Users/rogerrojasramirez/PhpstormProjects/dinosaurTest/vendor/laravel/framework/src/Illuminate/Console/Application.php(90): Symfony\\Component\\Console\\Application->run(Object(Symfony\\Component\\Console\\Input\\ArgvInput), Object(Symfony\\Component\\Console\\Output\\ConsoleOutput))
#26 /Users/rogerrojasramirez/PhpstormProjects/dinosaurTest/vendor/laravel/framework/src/Illuminate/Foundation/Console/Kernel.php(131): Illuminate\\Console\\Application->run(Object(Symfony\\Component\\Console\\Input\\ArgvInput), Object(Symfony\\Component\\Console\\Output\\ConsoleOutput))
#27 /Users/rogerrojasramirez/PhpstormProjects/dinosaurTest/artisan(37): Illuminate\\Foundation\\Console\\Kernel->handle(Object(Symfony\\Component\\Console\\Input\\ArgvInput), Object(Symfony\\Component\\Console\\Output\\ConsoleOutput))
#28 {main}

[previous exception] [object] (PDOException(code: HY000): SQLSTATE[HY000]: General error: 1 Cannot add a NOT NULL column with default value NULL at /Users/rogerrojasramirez/PhpstormProjects/dinosaurTest/vendor/laravel/framework/src/Illuminate/Database/Connection.php:453)
[stacktrace]
#0 /Users/rogerrojasramirez/PhpstormProjects/dinosaurTest/vendor/laravel/framework/src/Illuminate/Database/Connection.php(453): PDO->prepare('alter table \"dn...')
#1 /Users/rogerrojasramirez/PhpstormProjects/dinosaurTest/vendor/laravel/framework/src/Illuminate/Database/Connection.php(658): Illuminate\\Database\\Connection->Illuminate\\Database\\{closure}('alter table \"dn...', Array)
#2 /Users/rogerrojasramirez/PhpstormProjects/dinosaurTest/vendor/laravel/framework/src/Illuminate/Database/Connection.php(625): Illuminate\\Database\\Connection->runQueryCallback('alter table \"dn...', Array, Object(Closure))
#3 /Users/rogerrojasramirez/PhpstormProjects/dinosaurTest/vendor/laravel/framework/src/Illuminate/Database/Connection.php(460): Illuminate\\Database\\Connection->run('alter table \"dn...', Array, Object(Closure))
#4 /Users/rogerrojasramirez/PhpstormProjects/dinosaurTest/vendor/laravel/framework/src/Illuminate/Database/Schema/Blueprint.php(97): Illuminate\\Database\\Connection->statement('alter table \"dn...')
#5 /Users/rogerrojasramirez/PhpstormProjects/dinosaurTest/vendor/laravel/framework/src/Illuminate/Database/Schema/Builder.php(290): Illuminate\\Database\\Schema\\Blueprint->build(Object(Illuminate\\Database\\SQLiteConnection), Object(Illuminate\\Database\\Schema\\Grammars\\SQLiteGrammar))
#6 /Users/rogerrojasramirez/PhpstormProjects/dinosaurTest/vendor/laravel/framework/src/Illuminate/Database/Schema/Builder.php(151): Illuminate\\Database\\Schema\\Builder->build(Object(Illuminate\\Database\\Schema\\Blueprint))
#7 /Users/rogerrojasramirez/PhpstormProjects/dinosaurTest/vendor/laravel/framework/src/Illuminate/Support/Facades/Facade.php(239): Illuminate\\Database\\Schema\\Builder->table('dnsRecords', Object(Closure))
#8 /Users/rogerrojasramirez/PhpstormProjects/dinosaurTest/database/migrations/2019_10_25_230803_dns_table_fields.php(23): Illuminate\\Support\\Facades\\Facade::__callStatic('table', Array)
#9 /Users/rogerrojasramirez/PhpstormProjects/dinosaurTest/vendor/laravel/framework/src/Illuminate/Database/Migrations/Migrator.php(387): DnsTableFields->up()
#10 /Users/rogerrojasramirez/PhpstormProjects/dinosaurTest/vendor/laravel/framework/src/Illuminate/Database/Migrations/Migrator.php(396): Illuminate\\Database\\Migrations\\Migrator->Illuminate\\Database\\Migrations\\{closure}()
#11 /Users/rogerrojasramirez/PhpstormProjects/dinosaurTest/vendor/laravel/framework/src/Illuminate/Database/Migrations/Migrator.php(197): Illuminate\\Database\\Migrations\\Migrator->runMigration(Object(DnsTableFields), 'up')
#12 /Users/rogerrojasramirez/PhpstormProjects/dinosaurTest/vendor/laravel/framework/src/Illuminate/Database/Migrations/Migrator.php(162): Illuminate\\Database\\Migrations\\Migrator->runUp('/Users/rogerroj...', 2, false)
#13 /Users/rogerrojasramirez/PhpstormProjects/dinosaurTest/vendor/laravel/framework/src/Illuminate/Database/Migrations/Migrator.php(109): Illuminate\\Database\\Migrations\\Migrator->runPending(Array, Array)
#14 /Users/rogerrojasramirez/PhpstormProjects/dinosaurTest/vendor/laravel/framework/src/Illuminate/Database/Console/Migrations/MigrateCommand.php(71): Illuminate\\Database\\Migrations\\Migrator->run(Array, Array)
#15 [internal function]: Illuminate\\Database\\Console\\Migrations\\MigrateCommand->handle()
#16 /Users/rogerrojasramirez/PhpstormProjects/dinosaurTest/vendor/laravel/framework/src/Illuminate/Container/BoundMethod.php(32): call_user_func_array(Array, Array)
#17 /Users/rogerrojasramirez/PhpstormProjects/dinosaurTest/vendor/laravel/framework/src/Illuminate/Support/helpers.php(520): Illuminate\\Container\\BoundMethod::Illuminate\\Container\\{closure}()
#18 /Users/rogerrojasramirez/PhpstormProjects/dinosaurTest/vendor/laravel/framework/src/Illuminate/Container/BoundMethod.php(90): value(Object(Closure))
#19 /Users/rogerrojasramirez/PhpstormProjects/dinosaurTest/vendor/laravel/framework/src/Illuminate/Container/BoundMethod.php(34): Illuminate\\Container\\BoundMethod::callBoundMethod(Object(Illuminate\\Foundation\\Application), Array, Object(Closure))
#20 /Users/rogerrojasramirez/PhpstormProjects/dinosaurTest/vendor/laravel/framework/src/Illuminate/Container/Container.php(591): Illuminate\\Container\\BoundMethod::call(Object(Illuminate\\Foundation\\Application), Array, Array, NULL)
#21 /Users/rogerrojasramirez/PhpstormProjects/dinosaurTest/vendor/laravel/framework/src/Illuminate/Console/Command.php(202): Illuminate\\Container\\Container->call(Array)
#22 /Users/rogerrojasramirez/PhpstormProjects/dinosaurTest/vendor/symfony/console/Command/Command.php(255): Illuminate\\Console\\Command->execute(Object(Symfony\\Component\\Console\\Input\\ArgvInput), Object(Illuminate\\Console\\OutputStyle))
#23 /Users/rogerrojasramirez/PhpstormProjects/dinosaurTest/vendor/laravel/framework/src/Illuminate/Console/Command.php(189): Symfony\\Component\\Console\\Command\\Command->run(Object(Symfony\\Component\\Console\\Input\\ArgvInput), Object(Illuminate\\Console\\OutputStyle))
#24 /Users/rogerrojasramirez/PhpstormProjects/dinosaurTest/vendor/symfony/console/Application.php(934): Illuminate\\Console\\Command->run(Object(Symfony\\Component\\Console\\Input\\ArgvInput), Object(Symfony\\Component\\Console\\Output\\ConsoleOutput))
#25 /Users/rogerrojasramirez/PhpstormProjects/dinosaurTest/vendor/symfony/console/Application.php(273): Symfony\\Component\\Console\\Application->doRunCommand(Object(Illuminate\\Database\\Console\\Migrations\\MigrateCommand), Object(Symfony\\Component\\Console\\Input\\ArgvInput), Object(Symfony\\Component\\Console\\Output\\ConsoleOutput))
#26 /Users/rogerrojasramirez/PhpstormProjects/dinosaurTest/vendor/symfony/console/Application.php(149): Symfony\\Component\\Console\\Application->doRun(Object(Symfony\\Component\\Console\\Input\\ArgvInput), Object(Symfony\\Component\\Console\\Output\\ConsoleOutput))
#27 /Users/rogerrojasramirez/PhpstormProjects/dinosaurTest/vendor/laravel/framework/src/Illuminate/Console/Application.php(90): Symfony\\Component\\Console\\Application->run(Object(Symfony\\Component\\Console\\Input\\ArgvInput), Object(Symfony\\Component\\Console\\Output\\ConsoleOutput))
#28 /Users/rogerrojasramirez/PhpstormProjects/dinosaurTest/vendor/laravel/framework/src/Illuminate/Foundation/Console/Kernel.php(131): Illuminate\\Console\\Application->run(Object(Symfony\\Component\\Console\\Input\\ArgvInput), Object(Symfony\\Component\\Console\\Output\\ConsoleOutput))
#29 /Users/rogerrojasramirez/PhpstormProjects/dinosaurTest/artisan(37): Illuminate\\Foundation\\Console\\Kernel->handle(Object(Symfony\\Component\\Console\\Input\\ArgvInput), Object(Symfony\\Component\\Console\\Output\\ConsoleOutput))
#30 {main}
"} 
