[2019-10-26 20:18:26] local.ERROR: Command "migrate:install — env=local" is not defined.

Did you mean one of these?
    migrate
    migrate:fresh
    migrate:install
    migrate:refresh
    migrate:reset
    migrate:rollback
    migrate:status {"exception":"[object] (Symfony\\Component\\Console\\Exception\\CommandNotFoundException(code: 0): Command \"migrate:install — env=local\" is not defined.

Did you mean one of these?
    migrate
    migrate:fresh
    migrate:install
    migrate:refresh
    migrate:reset
    migrate:rollback
    migrate:status at /Users/rogerrojasramirez/PhpstormProjects/dinosaurTest/vendor/symfony/console/Application.php:660)
[stacktrace]
#0 /Users/rogerrojasramirez/PhpstormProjects/dinosaurTest/vendor/symfony/console/Application.php(237): Symfony\\Component\\Console\\Application->find('migrate:install...')
#1 /Users/rogerrojasramirez/PhpstormProjects/dinosaurTest/vendor/symfony/console/Application.php(149): Symfony\\Component\\Console\\Application->doRun(Object(Symfony\\Component\\Console\\Input\\ArgvInput), Object(Symfony\\Component\\Console\\Output\\ConsoleOutput))
#2 /Users/rogerrojasramirez/PhpstormProjects/dinosaurTest/vendor/laravel/framework/src/Illuminate/Console/Application.php(90): Symfony\\Component\\Console\\Application->run(Object(Symfony\\Component\\Console\\Input\\ArgvInput), Object(Symfony\\Component\\Console\\Output\\ConsoleOutput))
#3 /Users/rogerrojasramirez/PhpstormProjects/dinosaurTest/vendor/laravel/framework/src/Illuminate/Foundation/Console/Kernel.php(131): Illuminate\\Console\\Application->run(Object(Symfony\\Component\\Console\\Input\\ArgvInput), Object(Symfony\\Component\\Console\\Output\\ConsoleOutput))
#4 /Users/rogerrojasramirez/PhpstormProjects/dinosaurTest/artisan(37): Illuminate\\Foundation\\Console\\Kernel->handle(Object(Symfony\\Component\\Console\\Input\\ArgvInput), Object(Symfony\\Component\\Console\\Output\\ConsoleOutput))
#5 {main}
"} 
[2019-10-26 20:19:08] local.ERROR: SQLSTATE[HY000]: General error: 1 Cannot add a NOT NULL column with default value NULL (SQL: alter table "dnsRecords" add column "records" varchar not null) {"exception":"[object] (Illuminate\\Database\\QueryException(code: HY000): SQLSTATE[HY000]: General error: 1 Cannot add a NOT NULL column with default value NULL (SQL: alter table \"dnsRecords\" add column \"records\" varchar not null) at /Users/rogerrojasramirez/PhpstormProjects/dinosaurTest/vendor/laravel/framework/src/Illuminate/Database/Connection.php:665)
[stacktrace]
#0 /Users/rogerrojasramirez/PhpstormProjects/dinosaurTest/vendor/laravel/framework/src/Illuminate/Database/Connection.php(625): Illuminate\\Database\\Connection->runQueryCallback('alter table \"dn...', Array, Object(Closure))
#1 /Users/rogerrojasramirez/PhpstormProjects/dinosaurTest/vendor/laravel/framework/src/Illuminate/Database/Connection.php(460): Illuminate\\Database\\Connection->run('alter table \"dn...', Array, Object(Closure))
#2 /Users/rogerrojasramirez/PhpstormProjects/dinosaurTest/vendor/laravel/framework/src/Illuminate/Database/Schema/Blueprint.php(97): Illuminate\\Database\\Connection->statement('alter table \"dn...')
#3 /Users/rogerrojasramirez/PhpstormProjects/dinosaurTest/vendor/laravel/framework/src/Illuminate/Database/Schema/Builder.php(290): Illuminate\\Database\\Schema\\Blueprint->build(Object(Illuminate\\Database\\SQLiteConnection), Object(Illuminate\\Database\\Schema\\Grammars\\SQLiteGrammar))
#4 /Users/rogerrojasramirez/PhpstormProjects/dinosaurTest/vendor/laravel/framework/src/Illuminate/Database/Schema/Builder.php(151): Illuminate\\Database\\Schema\\Builder->build(Object(Illuminate\\Database\\Schema\\Blueprint))
#5 /Users/rogerrojasramirez/PhpstormProjects/dinosaurTest/vendor/laravel/framework/src/Illuminate/Support/Facades/Facade.php(239): Illuminate\\Database\\Schema\\Builder->table('dnsRecords', Object(Closure))
#6 /Users/rogerrojasramirez/PhpstormProjects/dinosaurTest/database/migrations/2019_10_25_230803_dns_table_fields.php(23): Illuminate\\Support\\Facades\\Facade::__callStatic('table', Array)
#7 /Users/rogerrojasramirez/PhpstormProjects/dinosaurTest/vendor/laravel/framework/src/Illuminate/Database/Migrations/Migrator.php(387): DnsTableFields->up()
#8 /Users/rogerrojasramirez/PhpstormProjects/dinosaurTest/vendor/laravel/framework/src/Illuminate/Database/Migrations/Migrator.php(396): Illuminate\\Database\\Migrations\\Migrator->Illuminate\\Database\\Migrations\\{closure}()
#9 /Users/rogerrojasramirez/PhpstormProjects/dinosaurTest/vendor/laravel/framework/src/Illuminate/Database/Migrations/Migrator.php(197): Illuminate\\Database\\Migrations\\Migrator->runMigration(Object(DnsTableFields), 'up')
#10 /Users/rogerrojasramirez/PhpstormProjects/dinosaurTest/vendor/laravel/framework/src/Illuminate/Database/Migrations/Migrator.php(162): Illuminate\\Database\\Migrations\\Migrator->runUp('/Users/rogerroj...', 2, false)
#11 /Users/rogerrojasramirez/PhpstormProjects/dinosaurTest/vendor/laravel/framework/src/Illuminate/Database/Migrations/Migrator.php(109): Illuminate\\Database\\Migrations\\Migrator->runPending(Array, Array)
#12 /Users/rogerrojasramirez/PhpstormProjects/dinosaurTest/vendor/laravel/framework/src/Illuminate/Database/Console/Migrations/MigrateCommand.php(71): Illuminate\\Database\\Migrations\\Migrator->run(Array, Array)
#13 [internal function]: Illuminate\\Database\\Console\\Migrations\\MigrateCommand->handle()
#14 /Users/rogerrojasramirez/PhpstormProjects/dinosaurTest/vendor/laravel/framework/src/Illuminate/Container/BoundMethod.php(32): call_user_func_array(Array, Array)
#15 /Users/rogerrojasramirez/PhpstormProjects/dinosaurTest/vendor/laravel/framework/src/Illuminate/Support/helpers.php(520): Illuminate\\Container\\BoundMethod::Illuminate\\Container\\{closure}()
#16 /Users/rogerrojasramirez/PhpstormProjects/dinosaurTest/vendor/laravel/framework/src/Illuminate/Container/BoundMethod.php(90): value(Object(Closure))
#17 /Users/rogerrojasramirez/PhpstormProjects/dinosaurTest/vendor/laravel/framework/src/Illuminate/Container/BoundMethod.php(34): Illuminate\\Container\\BoundMethod::callBoundMethod(Object(Illuminate\\Foundation\\Application), Array, Object(Closure))
#18 /Users/rogerrojasramirez/PhpstormProjects/dinosaurTest/vendor/laravel/framework/src/Illuminate/Container/Container.php(591): Illuminate\\Container\\BoundMethod::call(Object(Illuminate\\Foundation\\Application), Array, Array, NULL)
#19 /Users/rogerrojasramirez/PhpstormProjects/dinosaurTest/vendor/laravel/framework/src/Illuminate/Console/Command.php(202): Illuminate\\Container\\Container->call(Array)
#20 /Users/rogerrojasramirez/PhpstormProjects/dinosaurTest/vendor/symfony/console/Command/Command.php(255): Illuminate\\Console\\Command->execute(Object(Symfony\\Component\\Console\\Input\\ArgvInput), Object(Illuminate\\Console\\OutputStyle))
#21 /Users/rogerrojasramirez/PhpstormProjects/dinosaurTest/vendor/laravel/framework/src/Illuminate/Console/Command.php(189): Symfony\\Component\\Console\\Command\\Command->run(Object(Symfony\\Component\\Console\\Input\\ArgvInput), Object(Illuminate\\Console\\OutputStyle))
#22 /Users/rogerrojasramirez/PhpstormProjects/dinosaurTest/vendor/symfony/console/Application.php(934): Illuminate\\Console\\Command->run(Object(Symfony\\Component\\Console\\Input\\ArgvInput), Object(Symfony\\Component\\Console\\Output\\ConsoleOutput))
#23 /Users/rogerrojasramirez/PhpstormProjects/dinosaurTest/vendor/symfony/console/Application.php(273): Symfony\\Component\\Console\\Application->doRunCommand(Object(Illuminate\\Database\\Console\\Migrations\\MigrateCommand), Object(Symfony\\Component\\Console\\Input\\ArgvInput), Object(Symfony\\Component\\Console\\Output\\ConsoleOutput))
#24 /Users/rogerrojasramirez/PhpstormProjects/dinosaurTest/vendor/symfony/console/Application.php(149): Symfony\\Component\\Console\\Application->doRun(Object(Symfony\\Component\\Console\\Input\\ArgvInput), Object(Symfony\\Component\\Console\\Output\\ConsoleOutput))
#25 /Users/rogerrojasramirez/PhpstormProjects/dinosaurTest/vendor/laravel/framework/src/Illuminate/Console/Application.php(90): Symfony\\Component\\Console\\Application->run(Object(Symfony\\Component\\Console\\Input\\ArgvInput), Object(Symfony\\Component\\Console\\Output\\ConsoleOutput))
#26 /Users/rogerrojasramirez/PhpstormProjects/dinosaurTest/vendor/laravel/framework/src/Illuminate/Foundation/Console/Kernel.php(131): Illuminate\\Console\\Application->run(Object(Symfony\\Component\\Console\\Input\\ArgvInput), Object(Symfony\\Component\\Console\\Output\\ConsoleOutput))
#27 /Users/rogerrojasramirez/PhpstormProjects/dinosaurTest/artisan(37): Illuminate\\Foundation\\Console\\Kernel->handle(Object(Symfony\\Component\\Console\\Input\\ArgvInput), Object(Symfony\\Component\\Console\\Output\\ConsoleOutput))
#28 {main}

[previous exception] [object] (PDOException(code: HY000): SQLSTATE[HY000]: General error: 1 Cannot add a NOT NULL column with default value NULL at /Users/rogerrojasramirez/PhpstormProjects/dinosaurTest/vendor/laravel/framework/src/Illuminate/Database/Connection.php:453)
[stacktrace]
#0 /Users/rogerrojasramirez/PhpstormProjects/dinosaurTest/vendor/laravel/framework/src/Illuminate/Database/Connection.php(453): PDO->prepare('alter table \"dn...')
#1 /Users/rogerrojasramirez/PhpstormProjects/dinosaurTest/vendor/laravel/framework/src/Illuminate/Database/Connection.php(658): Illuminate\\Database\\Connection->Illuminate\\Database\\{closure}('alter table \"dn...', Array)
#2 /Users/rogerrojasramirez/PhpstormProjects/dinosaurTest/vendor/laravel/framework/src/Illuminate/Database/Connection.php(625): Illuminate\\Database\\Connection->runQueryCallback('alter table \"dn...', Array, Object(Closure))
#3 /Users/rogerrojasramirez/PhpstormProjects/dinosaurTest/vendor/laravel/framework/src/Illuminate/Database/Connection.php(460): Illuminate\\Database\\Connection->run('alter table \"dn...', Array, Object(Closure))
#4 /Users/rogerrojasramirez/PhpstormProjects/dinosaurTest/vendor/laravel/framework/src/Illuminate/Database/Schema/Blueprint.php(97): Illuminate\\Database\\Connection->statement('alter table \"dn...')
#5 /Users/rogerrojasramirez/PhpstormProjects/dinosaurTest/vendor/laravel/framework/src/Illuminate/Database/Schema/Builder.php(290): Illuminate\\Database\\Schema\\Blueprint->build(Object(Illuminate\\Database\\SQLiteConnection), Object(Illuminate\\Database\\Schema\\Grammars\\SQLiteGrammar))
#6 /Users/rogerrojasramirez/PhpstormProjects/dinosaurTest/vendor/laravel/framework/src/Illuminate/Database/Schema/Builder.php(151): Illuminate\\Database\\Schema\\Builder->build(Object(Illuminate\\Database\\Schema\\Blueprint))
#7 /Users/rogerrojasramirez/PhpstormProjects/dinosaurTest/vendor/laravel/framework/src/Illuminate/Support/Facades/Facade.php(239): Illuminate\\Database\\Schema\\Builder->table('dnsRecords', Object(Closure))
#8 /Users/rogerrojasramirez/PhpstormProjects/dinosaurTest/database/migrations/2019_10_25_230803_dns_table_fields.php(23): Illuminate\\Support\\Facades\\Facade::__callStatic('table', Array)
#9 /Users/rogerrojasramirez/PhpstormProjects/dinosaurTest/vendor/laravel/framework/src/Illuminate/Database/Migrations/Migrator.php(387): DnsTableFields->up()
#10 /Users/rogerrojasramirez/PhpstormProjects/dinosaurTest/vendor/laravel/framework/src/Illuminate/Database/Migrations/Migrator.php(396): Illuminate\\Database\\Migrations\\Migrator->Illuminate\\Database\\Migrations\\{closure}()
#11 /Users/rogerrojasramirez/PhpstormProjects/dinosaurTest/vendor/laravel/framework/src/Illuminate/Database/Migrations/Migrator.php(197): Illuminate\\Database\\Migrations\\Migrator->runMigration(Object(DnsTableFields), 'up')
#12 /Users/rogerrojasramirez/PhpstormProjects/dinosaurTest/vendor/laravel/framework/src/Illuminate/Database/Migrations/Migrator.php(162): Illuminate\\Database\\Migrations\\Migrator->runUp('/Users/rogerroj...', 2, false)
#13 /Users/rogerrojasramirez/PhpstormProjects/dinosaurTest/vendor/laravel/framework/src/Illuminate/Database/Migrations/Migrator.php(109): Illuminate\\Database\\Migrations\\Migrator->runPending(Array, Array)
#14 /Users/rogerrojasramirez/PhpstormProjects/dinosaurTest/vendor/laravel/framework/src/Illuminate/Database/Console/Migrations/MigrateCommand.php(71): Illuminate\\Database\\Migrations\\Migrator->run(Array, Array)
#15 [internal function]: Illuminate\\Database\\Console\\Migrations\\MigrateCommand->handle()
#16 /Users/rogerrojasramirez/PhpstormProjects/dinosaurTest/vendor/laravel/framework/src/Illuminate/Container/BoundMethod.php(32): call_user_func_array(Array, Array)
#17 /Users/rogerrojasramirez/PhpstormProjects/dinosaurTest/vendor/laravel/framework/src/Illuminate/Support/helpers.php(520): Illuminate\\Container\\BoundMethod::Illuminate\\Container\\{closure}()
#18 /Users/rogerrojasramirez/PhpstormProjects/dinosaurTest/vendor/laravel/framework/src/Illuminate/Container/BoundMethod.php(90): value(Object(Closure))
#19 /Users/rogerrojasramirez/PhpstormProjects/dinosaurTest/vendor/laravel/framework/src/Illuminate/Container/BoundMethod.php(34): Illuminate\\Container\\BoundMethod::callBoundMethod(Object(Illuminate\\Foundation\\Application), Array, Object(Closure))
#20 /Users/rogerrojasramirez/PhpstormProjects/dinosaurTest/vendor/laravel/framework/src/Illuminate/Container/Container.php(591): Illuminate\\Container\\BoundMethod::call(Object(Illuminate\\Foundation\\Application), Array, Array, NULL)
#21 /Users/rogerrojasramirez/PhpstormProjects/dinosaurTest/vendor/laravel/framework/src/Illuminate/Console/Command.php(202): Illuminate\\Container\\Container->call(Array)
#22 /Users/rogerrojasramirez/PhpstormProjects/dinosaurTest/vendor/symfony/console/Command/Command.php(255): Illuminate\\Console\\Command->execute(Object(Symfony\\Component\\Console\\Input\\ArgvInput), Object(Illuminate\\Console\\OutputStyle))
#23 /Users/rogerrojasramirez/PhpstormProjects/dinosaurTest/vendor/laravel/framework/src/Illuminate/Console/Command.php(189): Symfony\\Component\\Console\\Command\\Command->run(Object(Symfony\\Component\\Console\\Input\\ArgvInput), Object(Illuminate\\Console\\OutputStyle))
#24 /Users/rogerrojasramirez/PhpstormProjects/dinosaurTest/vendor/symfony/console/Application.php(934): Illuminate\\Console\\Command->run(Object(Symfony\\Component\\Console\\Input\\ArgvInput), Object(Symfony\\Component\\Console\\Output\\ConsoleOutput))
#25 /Users/rogerrojasramirez/PhpstormProjects/dinosaurTest/vendor/symfony/console/Application.php(273): Symfony\\Component\\Console\\Application->doRunCommand(Object(Illuminate\\Database\\Console\\Migrations\\MigrateCommand), Object(Symfony\\Component\\Console\\Input\\ArgvInput), Object(Symfony\\Component\\Console\\Output\\ConsoleOutput))
#26 /Users/rogerrojasramirez/PhpstormProjects/dinosaurTest/vendor/symfony/console/Application.php(149): Symfony\\Component\\Console\\Application->doRun(Object(Symfony\\Component\\Console\\Input\\ArgvInput), Object(Symfony\\Component\\Console\\Output\\ConsoleOutput))
#27 /Users/rogerrojasramirez/PhpstormProjects/dinosaurTest/vendor/laravel/framework/src/Illuminate/Console/Application.php(90): Symfony\\Component\\Console\\Application->run(Object(Symfony\\Component\\Console\\Input\\ArgvInput), Object(Symfony\\Component\\Console\\Output\\ConsoleOutput))
#28 /Users/rogerrojasramirez/PhpstormProjects/dinosaurTest/vendor/laravel/framework/src/Illuminate/Foundation/Console/Kernel.php(131): Illuminate\\Console\\Application->run(Object(Symfony\\Component\\Console\\Input\\ArgvInput), Object(Symfony\\Component\\Console\\Output\\ConsoleOutput))
#29 /Users/rogerrojasramirez/PhpstormProjects/dinosaurTest/artisan(37): Illuminate\\Foundation\\Console\\Kernel->handle(Object(Symfony\\Component\\Console\\Input\\ArgvInput), Object(Symfony\\Component\\Console\\Output\\ConsoleOutput))
#30 {main}
"} 
[2019-10-26 20:21:20] local.ERROR: SQLSTATE[HY000]: General error: 1 Cannot add a NOT NULL column with default value NULL (SQL: alter table "dnsRecords" add column "records" varchar not null) {"exception":"[object] (Illuminate\\Database\\QueryException(code: HY000): SQLSTATE[HY000]: General error: 1 Cannot add a NOT NULL column with default value NULL (SQL: alter table \"dnsRecords\" add column \"records\" varchar not null) at /Users/rogerrojasramirez/PhpstormProjects/dinosaurTest/vendor/laravel/framework/src/Illuminate/Database/Connection.php:665)
[stacktrace]
#0 /Users/rogerrojasramirez/PhpstormProjects/dinosaurTest/vendor/laravel/framework/src/Illuminate/Database/Connection.php(625): Illuminate\\Database\\Connection->runQueryCallback('alter table \"dn...', Array, Object(Closure))
#1 /Users/rogerrojasramirez/PhpstormProjects/dinosaurTest/vendor/laravel/framework/src/Illuminate/Database/Connection.php(460): Illuminate\\Database\\Connection->run('alter table \"dn...', Array, Object(Closure))
#2 /Users/rogerrojasramirez/PhpstormProjects/dinosaurTest/vendor/laravel/framework/src/Illuminate/Database/Schema/Blueprint.php(97): Illuminate\\Database\\Connection->statement('alter table \"dn...')
#3 /Users/rogerrojasramirez/PhpstormProjects/dinosaurTest/vendor/laravel/framework/src/Illuminate/Database/Schema/Builder.php(290): Illuminate\\Database\\Schema\\Blueprint->build(Object(Illuminate\\Database\\SQLiteConnection), Object(Illuminate\\Database\\Schema\\Grammars\\SQLiteGrammar))
#4 /Users/rogerrojasramirez/PhpstormProjects/dinosaurTest/vendor/laravel/framework/src/Illuminate/Database/Schema/Builder.php(151): Illuminate\\Database\\Schema\\Builder->build(Object(Illuminate\\Database\\Schema\\Blueprint))
#5 /Users/rogerrojasramirez/PhpstormProjects/dinosaurTest/vendor/laravel/framework/src/Illuminate/Support/Facades/Facade.php(239): Illuminate\\Database\\Schema\\Builder->table('dnsRecords', Object(Closure))
#6 /Users/rogerrojasramirez/PhpstormProjects/dinosaurTest/database/migrations/2019_10_25_230803_dns_table_fields.php(23): Illuminate\\Support\\Facades\\Facade::__callStatic('table', Array)
#7 /Users/rogerrojasramirez/PhpstormProjects/dinosaurTest/vendor/laravel/framework/src/Illuminate/Database/Migrations/Migrator.php(387): DnsTableFields->up()
#8 /Users/rogerrojasramirez/PhpstormProjects/dinosaurTest/vendor/laravel/framework/src/Illuminate/Database/Migrations/Migrator.php(396): Illuminate\\Database\\Migrations\\Migrator->Illuminate\\Database\\Migrations\\{closure}()
#9 /Users/rogerrojasramirez/PhpstormProjects/dinosaurTest/vendor/laravel/framework/src/Illuminate/Database/Migrations/Migrator.php(197): Illuminate\\Database\\Migrations\\Migrator->runMigration(Object(DnsTableFields), 'up')
#10 /Users/rogerrojasramirez/PhpstormProjects/dinosaurTest/vendor/laravel/framework/src/Illuminate/Database/Migrations/Migrator.php(162): Illuminate\\Database\\Migrations\\Migrator->runUp('/Users/rogerroj...', 2, false)
#11 /Users/rogerrojasramirez/PhpstormProjects/dinosaurTest/vendor/laravel/framework/src/Illuminate/Database/Migrations/Migrator.php(109): Illuminate\\Database\\Migrations\\Migrator->runPending(Array, Array)
#12 /Users/rogerrojasramirez/PhpstormProjects/dinosaurTest/vendor/laravel/framework/src/Illuminate/Database/Console/Migrations/MigrateCommand.php(71): Illuminate\\Database\\Migrations\\Migrator->run(Array, Array)
#13 [internal function]: Illuminate\\Database\\Console\\Migrations\\MigrateCommand->handle()
#14 /Users/rogerrojasramirez/PhpstormProjects/dinosaurTest/vendor/laravel/framework/src/Illuminate/Container/BoundMethod.php(32): call_user_func_array(Array, Array)
#15 /Users/rogerrojasramirez/PhpstormProjects/dinosaurTest/vendor/laravel/framework/src/Illuminate/Support/helpers.php(520): Illuminate\\Container\\BoundMethod::Illuminate\\Container\\{closure}()
#16 /Users/rogerrojasramirez/PhpstormProjects/dinosaurTest/vendor/laravel/framework/src/Illuminate/Container/BoundMethod.php(90): value(Object(Closure))
#17 /Users/rogerrojasramirez/PhpstormProjects/dinosaurTest/vendor/laravel/framework/src/Illuminate/Container/BoundMethod.php(34): Illuminate\\Container\\BoundMethod::callBoundMethod(Object(Illuminate\\Foundation\\Application), Array, Object(Closure))
#18 /Users/rogerrojasramirez/PhpstormProjects/dinosaurTest/vendor/laravel/framework/src/Illuminate/Container/Container.php(591): Illuminate\\Container\\BoundMethod::call(Object(Illuminate\\Foundation\\Application), Array, Array, NULL)
#19 /Users/rogerrojasramirez/PhpstormProjects/dinosaurTest/vendor/laravel/framework/src/Illuminate/Console/Command.php(202): Illuminate\\Container\\Container->call(Array)
#20 /Users/rogerrojasramirez/PhpstormProjects/dinosaurTest/vendor/symfony/console/Command/Command.php(255): Illuminate\\Console\\Command->execute(Object(Symfony\\Component\\Console\\Input\\ArgvInput), Object(Illuminate\\Console\\OutputStyle))
#21 /Users/rogerrojasramirez/PhpstormProjects/dinosaurTest/vendor/laravel/framework/src/Illuminate/Console/Command.php(189): Symfony\\Component\\Console\\Command\\Command->run(Object(Symfony\\Component\\Console\\Input\\ArgvInput), Object(Illuminate\\Console\\OutputStyle))
#22 /Users/rogerrojasramirez/PhpstormProjects/dinosaurTest/vendor/symfony/console/Application.php(934): Illuminate\\Console\\Command->run(Object(Symfony\\Component\\Console\\Input\\ArgvInput), Object(Symfony\\Component\\Console\\Output\\ConsoleOutput))
#23 /Users/rogerrojasramirez/PhpstormProjects/dinosaurTest/vendor/symfony/console/Application.php(273): Symfony\\Component\\Console\\Application->doRunCommand(Object(Illuminate\\Database\\Console\\Migrations\\MigrateCommand), Object(Symfony\\Component\\Console\\Input\\ArgvInput), Object(Symfony\\Component\\Console\\Output\\ConsoleOutput))
#24 /Users/rogerrojasramirez/PhpstormProjects/dinosaurTest/vendor/symfony/console/Application.php(149): Symfony\\Component\\Console\\Application->doRun(Object(Symfony\\Component\\Console\\Input\\ArgvInput), Object(Symfony\\Component\\Console\\Output\\ConsoleOutput))
#25 /Users/rogerrojasramirez/PhpstormProjects/dinosaurTest/vendor/laravel/framework/src/Illuminate/Console/Application.php(90): Symfony\\Component\\Console\\Application->run(Object(Symfony\\Component\\Console\\Input\\ArgvInput), Object(Symfony\\Component\\Console\\Output\\ConsoleOutput))
#26 /Users/rogerrojasramirez/PhpstormProjects/dinosaurTest/vendor/laravel/framework/src/Illuminate/Foundation/Console/Kernel.php(131): Illuminate\\Console\\Application->run(Object(Symfony\\Component\\Console\\Input\\ArgvInput), Object(Symfony\\Component\\Console\\Output\\ConsoleOutput))
#27 /Users/rogerrojasramirez/PhpstormProjects/dinosaurTest/artisan(37): Illuminate\\Foundation\\Console\\Kernel->handle(Object(Symfony\\Component\\Console\\Input\\ArgvInput), Object(Symfony\\Component\\Console\\Output\\ConsoleOutput))
#28 {main}

[previous exception] [object] (PDOException(code: HY000): SQLSTATE[HY000]: General error: 1 Cannot add a NOT NULL column with default value NULL at /Users/rogerrojasramirez/PhpstormProjects/dinosaurTest/vendor/laravel/framework/src/Illuminate/Database/Connection.php:453)
[stacktrace]
#0 /Users/rogerrojasramirez/PhpstormProjects/dinosaurTest/vendor/laravel/framework/src/Illuminate/Database/Connection.php(453): PDO->prepare('alter table \"dn...')
#1 /Users/rogerrojasramirez/PhpstormProjects/dinosaurTest/vendor/laravel/framework/src/Illuminate/Database/Connection.php(658): Illuminate\\Database\\Connection->Illuminate\\Database\\{closure}('alter table \"dn...', Array)
#2 /Users/rogerrojasramirez/PhpstormProjects/dinosaurTest/vendor/laravel/framework/src/Illuminate/Database/Connection.php(625): Illuminate\\Database\\Connection->runQueryCallback('alter table \"dn...', Array, Object(Closure))
#3 /Users/rogerrojasramirez/PhpstormProjects/dinosaurTest/vendor/laravel/framework/src/Illuminate/Database/Connection.php(460): Illuminate\\Database\\Connection->run('alter table \"dn...', Array, Object(Closure))
#4 /Users/rogerrojasramirez/PhpstormProjects/dinosaurTest/vendor/laravel/framework/src/Illuminate/Database/Schema/Blueprint.php(97): Illuminate\\Database\\Connection->statement('alter table \"dn...')
#5 /Users/rogerrojasramirez/PhpstormProjects/dinosaurTest/vendor/laravel/framework/src/Illuminate/Database/Schema/Builder.php(290): Illuminate\\Database\\Schema\\Blueprint->build(Object(Illuminate\\Database\\SQLiteConnection), Object(Illuminate\\Database\\Schema\\Grammars\\SQLiteGrammar))
#6 /Users/rogerrojasramirez/PhpstormProjects/dinosaurTest/vendor/laravel/framework/src/Illuminate/Database/Schema/Builder.php(151): Illuminate\\Database\\Schema\\Builder->build(Object(Illuminate\\Database\\Schema\\Blueprint))
#7 /Users/rogerrojasramirez/PhpstormProjects/dinosaurTest/vendor/laravel/framework/src/Illuminate/Support/Facades/Facade.php(239): Illuminate\\Database\\Schema\\Builder->table('dnsRecords', Object(Closure))
#8 /Users/rogerrojasramirez/PhpstormProjects/dinosaurTest/database/migrations/2019_10_25_230803_dns_table_fields.php(23): Illuminate\\Support\\Facades\\Facade::__callStatic('table', Array)
#9 /Users/rogerrojasramirez/PhpstormProjects/dinosaurTest/vendor/laravel/framework/src/Illuminate/Database/Migrations/Migrator.php(387): DnsTableFields->up()
#10 /Users/rogerrojasramirez/PhpstormProjects/dinosaurTest/vendor/laravel/framework/src/Illuminate/Database/Migrations/Migrator.php(396): Illuminate\\Database\\Migrations\\Migrator->Illuminate\\Database\\Migrations\\{closure}()
#11 /Users/rogerrojasramirez/PhpstormProjects/dinosaurTest/vendor/laravel/framework/src/Illuminate/Database/Migrations/Migrator.php(197): Illuminate\\Database\\Migrations\\Migrator->runMigration(Object(DnsTableFields), 'up')
#12 /Users/rogerrojasramirez/PhpstormProjects/dinosaurTest/vendor/laravel/framework/src/Illuminate/Database/Migrations/Migrator.php(162): Illuminate\\Database\\Migrations\\Migrator->runUp('/Users/rogerroj...', 2, false)
#13 /Users/rogerrojasramirez/PhpstormProjects/dinosaurTest/vendor/laravel/framework/src/Illuminate/Database/Migrations/Migrator.php(109): Illuminate\\Database\\Migrations\\Migrator->runPending(Array, Array)
#14 /Users/rogerrojasramirez/PhpstormProjects/dinosaurTest/vendor/laravel/framework/src/Illuminate/Database/Console/Migrations/MigrateCommand.php(71): Illuminate\\Database\\Migrations\\Migrator->run(Array, Array)
#15 [internal function]: Illuminate\\Database\\Console\\Migrations\\MigrateCommand->handle()
#16 /Users/rogerrojasramirez/PhpstormProjects/dinosaurTest/vendor/laravel/framework/src/Illuminate/Container/BoundMethod.php(32): call_user_func_array(Array, Array)
#17 /Users/rogerrojasramirez/PhpstormProjects/dinosaurTest/vendor/laravel/framework/src/Illuminate/Support/helpers.php(520): Illuminate\\Container\\BoundMethod::Illuminate\\Container\\{closure}()
#18 /Users/rogerrojasramirez/PhpstormProjects/dinosaurTest/vendor/laravel/framework/src/Illuminate/Container/BoundMethod.php(90): value(Object(Closure))
#19 /Users/rogerrojasramirez/PhpstormProjects/dinosaurTest/vendor/laravel/framework/src/Illuminate/Container/BoundMethod.php(34): Illuminate\\Container\\BoundMethod::callBoundMethod(Object(Illuminate\\Foundation\\Application), Array, Object(Closure))
#20 /Users/rogerrojasramirez/PhpstormProjects/dinosaurTest/vendor/laravel/framework/src/Illuminate/Container/Container.php(591): Illuminate\\Container\\BoundMethod::call(Object(Illuminate\\Foundation\\Application), Array, Array, NULL)
#21 /Users/rogerrojasramirez/PhpstormProjects/dinosaurTest/vendor/laravel/framework/src/Illuminate/Console/Command.php(202): Illuminate\\Container\\Container->call(Array)
#22 /Users/rogerrojasramirez/PhpstormProjects/dinosaurTest/vendor/symfony/console/Command/Command.php(255): Illuminate\\Console\\Command->execute(Object(Symfony\\Component\\Console\\Input\\ArgvInput), Object(Illuminate\\Console\\OutputStyle))
#23 /Users/rogerrojasramirez/PhpstormProjects/dinosaurTest/vendor/laravel/framework/src/Illuminate/Console/Command.php(189): Symfony\\Component\\Console\\Command\\Command->run(Object(Symfony\\Component\\Console\\Input\\ArgvInput), Object(Illuminate\\Console\\OutputStyle))
#24 /Users/rogerrojasramirez/PhpstormProjects/dinosaurTest/vendor/symfony/console/Application.php(934): Illuminate\\Console\\Command->run(Object(Symfony\\Component\\Console\\Input\\ArgvInput), Object(Symfony\\Component\\Console\\Output\\ConsoleOutput))
#25 /Users/rogerrojasramirez/PhpstormProjects/dinosaurTest/vendor/symfony/console/Application.php(273): Symfony\\Component\\Console\\Application->doRunCommand(Object(Illuminate\\Database\\Console\\Migrations\\MigrateCommand), Object(Symfony\\Component\\Console\\Input\\ArgvInput), Object(Symfony\\Component\\Console\\Output\\ConsoleOutput))
#26 /Users/rogerrojasramirez/PhpstormProjects/dinosaurTest/vendor/symfony/console/Application.php(149): Symfony\\Component\\Console\\Application->doRun(Object(Symfony\\Component\\Console\\Input\\ArgvInput), Object(Symfony\\Component\\Console\\Output\\ConsoleOutput))
#27 /Users/rogerrojasramirez/PhpstormProjects/dinosaurTest/vendor/laravel/framework/src/Illuminate/Console/Application.php(90): Symfony\\Component\\Console\\Application->run(Object(Symfony\\Component\\Console\\Input\\ArgvInput), Object(Symfony\\Component\\Console\\Output\\ConsoleOutput))
#28 /Users/rogerrojasramirez/PhpstormProjects/dinosaurTest/vendor/laravel/framework/src/Illuminate/Foundation/Console/Kernel.php(131): Illuminate\\Console\\Application->run(Object(Symfony\\Component\\Console\\Input\\ArgvInput), Object(Symfony\\Component\\Console\\Output\\ConsoleOutput))
#29 /Users/rogerrojasramirez/PhpstormProjects/dinosaurTest/artisan(37): Illuminate\\Foundation\\Console\\Kernel->handle(Object(Symfony\\Component\\Console\\Input\\ArgvInput), Object(Symfony\\Component\\Console\\Output\\ConsoleOutput))
#30 {main}
"} 
[2019-10-26 20:39:29] local.ERROR: Command "php" is not defined. {"exception":"[object] (Symfony\\Component\\Console\\Exception\\CommandNotFoundException(code: 0): Command \"php\" is not defined. at /Users/rogerrojasramirez/PhpstormProjects/dinosaurTest/vendor/symfony/console/Application.php:660)
[stacktrace]
#0 /Users/rogerrojasramirez/PhpstormProjects/dinosaurTest/vendor/symfony/console/Application.php(237): Symfony\\Component\\Console\\Application->find('php')
#1 /Users/rogerrojasramirez/PhpstormProjects/dinosaurTest/vendor/symfony/console/Application.php(149): Symfony\\Component\\Console\\Application->doRun(Object(Symfony\\Component\\Console\\Input\\ArgvInput), Object(Symfony\\Component\\Console\\Output\\ConsoleOutput))
#2 /Users/rogerrojasramirez/PhpstormProjects/dinosaurTest/vendor/laravel/framework/src/Illuminate/Console/Application.php(90): Symfony\\Component\\Console\\Application->run(Object(Symfony\\Component\\Console\\Input\\ArgvInput), Object(Symfony\\Component\\Console\\Output\\ConsoleOutput))
#3 /Users/rogerrojasramirez/PhpstormProjects/dinosaurTest/vendor/laravel/framework/src/Illuminate/Foundation/Console/Kernel.php(131): Illuminate\\Console\\Application->run(Object(Symfony\\Component\\Console\\Input\\ArgvInput), Object(Symfony\\Component\\Console\\Output\\ConsoleOutput))
#4 /Users/rogerrojasramirez/PhpstormProjects/dinosaurTest/artisan(37): Illuminate\\Foundation\\Console\\Kernel->handle(Object(Symfony\\Component\\Console\\Input\\ArgvInput), Object(Symfony\\Component\\Console\\Output\\ConsoleOutput))
#5 {main}
"} 
[2019-10-26 21:04:38] testing.ERROR: Use of undefined constant response - assumed 'response' (this will throw an Error in a future version of PHP) {"exception":"[object] (ErrorException(code: 0): Use of undefined constant response - assumed 'response' (this will throw an Error in a future version of PHP) at /Users/rogerrojasramirez/PhpstormProjects/dinosaurTest/routes/web.php:27)
[stacktrace]
#0 /Users/rogerrojasramirez/PhpstormProjects/dinosaurTest/routes/web.php(27): Illuminate\\Foundation\\Bootstrap\\HandleExceptions->handleError(2, 'Use of undefine...', '/Users/rogerroj...', 27, Array)
#1 /Users/rogerrojasramirez/PhpstormProjects/dinosaurTest/vendor/laravel/framework/src/Illuminate/Routing/Route.php(205): Illuminate\\Routing\\RouteFileRegistrar->{closure}()
#2 /Users/rogerrojasramirez/PhpstormProjects/dinosaurTest/vendor/laravel/framework/src/Illuminate/Routing/Route.php(179): Illuminate\\Routing\\Route->runCallable()
#3 /Users/rogerrojasramirez/PhpstormProjects/dinosaurTest/vendor/laravel/framework/src/Illuminate/Routing/Router.php(680): Illuminate\\Routing\\Route->run()
#4 /Users/rogerrojasramirez/PhpstormProjects/dinosaurTest/vendor/laravel/framework/src/Illuminate/Pipeline/Pipeline.php(130): Illuminate\\Routing\\Router->Illuminate\\Routing\\{closure}(Object(Illuminate\\Http\\Request))
#5 /Users/rogerrojasramirez/PhpstormProjects/dinosaurTest/vendor/laravel/framework/src/Illuminate/Routing/Middleware/SubstituteBindings.php(41): Illuminate\\Pipeline\\Pipeline->Illuminate\\Pipeline\\{closure}(Object(Illuminate\\Http\\Request))
#6 /Users/rogerrojasramirez/PhpstormProjects/dinosaurTest/vendor/laravel/framework/src/Illuminate/Pipeline/Pipeline.php(171): Illuminate\\Routing\\Middleware\\SubstituteBindings->handle(Object(Illuminate\\Http\\Request), Object(Closure))
#7 /Users/rogerrojasramirez/PhpstormProjects/dinosaurTest/vendor/laravel/framework/src/Illuminate/Foundation/Http/Middleware/VerifyCsrfToken.php(76): Illuminate\\Pipeline\\Pipeline->Illuminate\\Pipeline\\{closure}(Object(Illuminate\\Http\\Request))
#8 /Users/rogerrojasramirez/PhpstormProjects/dinosaurTest/vendor/laravel/framework/src/Illuminate/Pipeline/Pipeline.php(171): Illuminate\\Foundation\\Http\\Middleware\\VerifyCsrfToken->handle(Object(Illuminate\\Http\\Request), Object(Closure))
#9 /Users/rogerrojasramirez/PhpstormProjects/dinosaurTest/vendor/laravel/framework/src/Illuminate/View/Middleware/ShareErrorsFromSession.php(49): Illuminate\\Pipeline\\Pipeline->Illuminate\\Pipeline\\{closure}(Object(Illuminate\\Http\\Request))
#10 /Users/rogerrojasramirez/PhpstormProjects/dinosaurTest/vendor/laravel/framework/src/Illuminate/Pipeline/Pipeline.php(171): Illuminate\\View\\Middleware\\ShareErrorsFromSession->handle(Object(Illuminate\\Http\\Request), Object(Closure))
#11 /Users/rogerrojasramirez/PhpstormProjects/dinosaurTest/vendor/laravel/framework/src/Illuminate/Session/Middleware/StartSession.php(56): Illuminate\\Pipeline\\Pipeline->Illuminate\\Pipeline\\{closure}(Object(Illuminate\\Http\\Request))
#12 /Users/rogerrojasramirez/PhpstormProjects/dinosaurTest/vendor/laravel/framework/src/Illuminate/Pipeline/Pipeline.php(171): Illuminate\\Session\\Middleware\\StartSession->handle(Object(Illuminate\\Http\\Request), Object(Closure))
#13 /Users/rogerrojasramirez/PhpstormProjects/dinosaurTest/vendor/laravel/framework/src/Illuminate/Cookie/Middleware/AddQueuedCookiesToResponse.php(37): Illuminate\\Pipeline\\Pipeline->Illuminate\\Pipeline\\{closure}(Object(Illuminate\\Http\\Request))
#14 /Users/rogerrojasramirez/PhpstormProjects/dinosaurTest/vendor/laravel/framework/src/Illuminate/Pipeline/Pipeline.php(171): Illuminate\\Cookie\\Middleware\\AddQueuedCookiesToResponse->handle(Object(Illuminate\\Http\\Request), Object(Closure))
#15 /Users/rogerrojasramirez/PhpstormProjects/dinosaurTest/vendor/laravel/framework/src/Illuminate/Cookie/Middleware/EncryptCookies.php(66): Illuminate\\Pipeline\\Pipeline->Illuminate\\Pipeline\\{closure}(Object(Illuminate\\Http\\Request))
#16 /Users/rogerrojasramirez/PhpstormProjects/dinosaurTest/vendor/laravel/framework/src/Illuminate/Pipeline/Pipeline.php(171): Illuminate\\Cookie\\Middleware\\EncryptCookies->handle(Object(Illuminate\\Http\\Request), Object(Closure))
#17 /Users/rogerrojasramirez/PhpstormProjects/dinosaurTest/vendor/laravel/framework/src/Illuminate/Pipeline/Pipeline.php(105): Illuminate\\Pipeline\\Pipeline->Illuminate\\Pipeline\\{closure}(Object(Illuminate\\Http\\Request))
#18 /Users/rogerrojasramirez/PhpstormProjects/dinosaurTest/vendor/laravel/framework/src/Illuminate/Routing/Router.php(682): Illuminate\\Pipeline\\Pipeline->then(Object(Closure))
#19 /Users/rogerrojasramirez/PhpstormProjects/dinosaurTest/vendor/laravel/framework/src/Illuminate/Routing/Router.php(657): Illuminate\\Routing\\Router->runRouteWithinStack(Object(Illuminate\\Routing\\Route), Object(Illuminate\\Http\\Request))
#20 /Users/rogerrojasramirez/PhpstormProjects/dinosaurTest/vendor/laravel/framework/src/Illuminate/Routing/Router.php(623): Illuminate\\Routing\\Router->runRoute(Object(Illuminate\\Http\\Request), Object(Illuminate\\Routing\\Route))
#21 /Users/rogerrojasramirez/PhpstormProjects/dinosaurTest/vendor/laravel/framework/src/Illuminate/Routing/Router.php(612): Illuminate\\Routing\\Router->dispatchToRoute(Object(Illuminate\\Http\\Request))
#22 /Users/rogerrojasramirez/PhpstormProjects/dinosaurTest/vendor/laravel/framework/src/Illuminate/Foundation/Http/Kernel.php(176): Illuminate\\Routing\\Router->dispatch(Object(Illuminate\\Http\\Request))
#23 /Users/rogerrojasramirez/PhpstormProjects/dinosaurTest/vendor/laravel/framework/src/Illuminate/Pipeline/Pipeline.php(130): Illuminate\\Foundation\\Http\\Kernel->Illuminate\\Foundation\\Http\\{closure}(Object(Illuminate\\Http\\Request))
#24 /Users/rogerrojasramirez/PhpstormProjects/dinosaurTest/vendor/laravel/framework/src/Illuminate/Foundation/Http/Middleware/TransformsRequest.php(21): Illuminate\\Pipeline\\Pipeline->Illuminate\\Pipeline\\{closure}(Object(Illuminate\\Http\\Request))
#25 /Users/rogerrojasramirez/PhpstormProjects/dinosaurTest/vendor/laravel/framework/src/Illuminate/Pipeline/Pipeline.php(171): Illuminate\\Foundation\\Http\\Middleware\\TransformsRequest->handle(Object(Illuminate\\Http\\Request), Object(Closure))
#26 /Users/rogerrojasramirez/PhpstormProjects/dinosaurTest/vendor/laravel/framework/src/Illuminate/Foundation/Http/Middleware/TransformsRequest.php(21): Illuminate\\Pipeline\\Pipeline->Illuminate\\Pipeline\\{closure}(Object(Illuminate\\Http\\Request))
#27 /Users/rogerrojasramirez/PhpstormProjects/dinosaurTest/vendor/laravel/framework/src/Illuminate/Pipeline/Pipeline.php(171): Illuminate\\Foundation\\Http\\Middleware\\TransformsRequest->handle(Object(Illuminate\\Http\\Request), Object(Closure))
#28 /Users/rogerrojasramirez/PhpstormProjects/dinosaurTest/vendor/laravel/framework/src/Illuminate/Foundation/Http/Middleware/ValidatePostSize.php(27): Illuminate\\Pipeline\\Pipeline->Illuminate\\Pipeline\\{closure}(Object(Illuminate\\Http\\Request))
#29 /Users/rogerrojasramirez/PhpstormProjects/dinosaurTest/vendor/laravel/framework/src/Illuminate/Pipeline/Pipeline.php(171): Illuminate\\Foundation\\Http\\Middleware\\ValidatePostSize->handle(Object(Illuminate\\Http\\Request), Object(Closure))
#30 /Users/rogerrojasramirez/PhpstormProjects/dinosaurTest/vendor/laravel/framework/src/Illuminate/Foundation/Http/Middleware/CheckForMaintenanceMode.php(62): Illuminate\\Pipeline\\Pipeline->Illuminate\\Pipeline\\{closure}(Object(Illuminate\\Http\\Request))
#31 /Users/rogerrojasramirez/PhpstormProjects/dinosaurTest/vendor/laravel/framework/src/Illuminate/Pipeline/Pipeline.php(171): Illuminate\\Foundation\\Http\\Middleware\\CheckForMaintenanceMode->handle(Object(Illuminate\\Http\\Request), Object(Closure))
#32 /Users/rogerrojasramirez/PhpstormProjects/dinosaurTest/vendor/fideloper/proxy/src/TrustProxies.php(57): Illuminate\\Pipeline\\Pipeline->Illuminate\\Pipeline\\{closure}(Object(Illuminate\\Http\\Request))
#33 /Users/rogerrojasramirez/PhpstormProjects/dinosaurTest/vendor/laravel/framework/src/Illuminate/Pipeline/Pipeline.php(171): Fideloper\\Proxy\\TrustProxies->handle(Object(Illuminate\\Http\\Request), Object(Closure))
#34 /Users/rogerrojasramirez/PhpstormProjects/dinosaurTest/vendor/laravel/framework/src/Illuminate/Pipeline/Pipeline.php(105): Illuminate\\Pipeline\\Pipeline->Illuminate\\Pipeline\\{closure}(Object(Illuminate\\Http\\Request))
#35 /Users/rogerrojasramirez/PhpstormProjects/dinosaurTest/vendor/laravel/framework/src/Illuminate/Foundation/Http/Kernel.php(151): Illuminate\\Pipeline\\Pipeline->then(Object(Closure))
#36 /Users/rogerrojasramirez/PhpstormProjects/dinosaurTest/vendor/laravel/framework/src/Illuminate/Foundation/Http/Kernel.php(116): Illuminate\\Foundation\\Http\\Kernel->sendRequestThroughRouter(Object(Illuminate\\Http\\Request))
#37 /Users/rogerrojasramirez/PhpstormProjects/dinosaurTest/vendor/laravel/framework/src/Illuminate/Foundation/Testing/Concerns/MakesHttpRequests.php(434): Illuminate\\Foundation\\Http\\Kernel->handle(Object(Illuminate\\Http\\Request))
#38 /Users/rogerrojasramirez/PhpstormProjects/dinosaurTest/vendor/laravel/framework/src/Illuminate/Foundation/Testing/Concerns/MakesHttpRequests.php(406): Illuminate\\Foundation\\Testing\\TestCase->call('POST', '/getDomainsReco...', Array, Array, Array, Array, '[{\"domain\":\"che...')
#39 /Users/rogerrojasramirez/PhpstormProjects/dinosaurTest/vendor/laravel/framework/src/Illuminate/Foundation/Testing/Concerns/MakesHttpRequests.php(265): Illuminate\\Foundation\\Testing\\TestCase->json('POST', '/getDomainsReco...', Array, Array)
#40 /Users/rogerrojasramirez/PhpstormProjects/dinosaurTest/tests/Feature/InitTest.php(46): Illuminate\\Foundation\\Testing\\TestCase->postJson('/getDomainsReco...', Array)
#41 /Users/rogerrojasramirez/PhpstormProjects/dinosaurTest/vendor/phpunit/phpunit/src/Framework/TestCase.php(1400): Tests\\Feature\\InitTest->testPostRouteExists()
#42 /Users/rogerrojasramirez/PhpstormProjects/dinosaurTest/vendor/phpunit/phpunit/src/Framework/TestCase.php(1020): PHPUnit\\Framework\\TestCase->runTest()
#43 /Users/rogerrojasramirez/PhpstormProjects/dinosaurTest/vendor/phpunit/phpunit/src/Framework/TestResult.php(691): PHPUnit\\Framework\\TestCase->runBare()
#44 /Users/rogerrojasramirez/PhpstormProjects/dinosaurTest/vendor/phpunit/phpunit/src/Framework/TestCase.php(752): PHPUnit\\Framework\\TestResult->run(Object(Tests\\Feature\\InitTest))
#45 /Users/rogerrojasramirez/PhpstormProjects/dinosaurTest/vendor/phpunit/phpunit/src/Framework/TestSuite.php(569): PHPUnit\\Framework\\TestCase->run(Object(PHPUnit\\Framework\\TestResult))
#46 /Users/rogerrojasramirez/PhpstormProjects/dinosaurTest/vendor/phpunit/phpunit/src/TextUI/TestRunner.php(616): PHPUnit\\Framework\\TestSuite->run(Object(PHPUnit\\Framework\\TestResult))
#47 /Users/rogerrojasramirez/PhpstormProjects/dinosaurTest/vendor/phpunit/phpunit/src/TextUI/Command.php(200): PHPUnit\\TextUI\\TestRunner->doRun(Object(PHPUnit\\Framework\\TestSuite), Array, true)
#48 /Users/rogerrojasramirez/PhpstormProjects/dinosaurTest/vendor/phpunit/phpunit/src/TextUI/Command.php(159): PHPUnit\\TextUI\\Command->run(Array, true)
#49 /Users/rogerrojasramirez/PhpstormProjects/dinosaurTest/vendor/phpunit/phpunit/phpunit(61): PHPUnit\\TextUI\\Command::main()
#50 {main}
"} 
[2019-10-26 21:04:38] testing.ERROR: Use of undefined constant response - assumed 'response' (this will throw an Error in a future version of PHP) {"exception":"[object] (ErrorException(code: 0): Use of undefined constant response - assumed 'response' (this will throw an Error in a future version of PHP) at /Users/rogerrojasramirez/PhpstormProjects/dinosaurTest/routes/web.php:27)
[stacktrace]
#0 /Users/rogerrojasramirez/PhpstormProjects/dinosaurTest/routes/web.php(27): Illuminate\\Foundation\\Bootstrap\\HandleExceptions->handleError(2, 'Use of undefine...', '/Users/rogerroj...', 27, Array)
#1 /Users/rogerrojasramirez/PhpstormProjects/dinosaurTest/vendor/laravel/framework/src/Illuminate/Routing/Route.php(205): Illuminate\\Routing\\RouteFileRegistrar->{closure}()
#2 /Users/rogerrojasramirez/PhpstormProjects/dinosaurTest/vendor/laravel/framework/src/Illuminate/Routing/Route.php(179): Illuminate\\Routing\\Route->runCallable()
#3 /Users/rogerrojasramirez/PhpstormProjects/dinosaurTest/vendor/laravel/framework/src/Illuminate/Routing/Router.php(680): Illuminate\\Routing\\Route->run()
#4 /Users/rogerrojasramirez/PhpstormProjects/dinosaurTest/vendor/laravel/framework/src/Illuminate/Pipeline/Pipeline.php(130): Illuminate\\Routing\\Router->Illuminate\\Routing\\{closure}(Object(Illuminate\\Http\\Request))
#5 /Users/rogerrojasramirez/PhpstormProjects/dinosaurTest/vendor/laravel/framework/src/Illuminate/Routing/Middleware/SubstituteBindings.php(41): Illuminate\\Pipeline\\Pipeline->Illuminate\\Pipeline\\{closure}(Object(Illuminate\\Http\\Request))
#6 /Users/rogerrojasramirez/PhpstormProjects/dinosaurTest/vendor/laravel/framework/src/Illuminate/Pipeline/Pipeline.php(171): Illuminate\\Routing\\Middleware\\SubstituteBindings->handle(Object(Illuminate\\Http\\Request), Object(Closure))
#7 /Users/rogerrojasramirez/PhpstormProjects/dinosaurTest/vendor/laravel/framework/src/Illuminate/Foundation/Http/Middleware/VerifyCsrfToken.php(76): Illuminate\\Pipeline\\Pipeline->Illuminate\\Pipeline\\{closure}(Object(Illuminate\\Http\\Request))
#8 /Users/rogerrojasramirez/PhpstormProjects/dinosaurTest/vendor/laravel/framework/src/Illuminate/Pipeline/Pipeline.php(171): Illuminate\\Foundation\\Http\\Middleware\\VerifyCsrfToken->handle(Object(Illuminate\\Http\\Request), Object(Closure))
#9 /Users/rogerrojasramirez/PhpstormProjects/dinosaurTest/vendor/laravel/framework/src/Illuminate/View/Middleware/ShareErrorsFromSession.php(49): Illuminate\\Pipeline\\Pipeline->Illuminate\\Pipeline\\{closure}(Object(Illuminate\\Http\\Request))
#10 /Users/rogerrojasramirez/PhpstormProjects/dinosaurTest/vendor/laravel/framework/src/Illuminate/Pipeline/Pipeline.php(171): Illuminate\\View\\Middleware\\ShareErrorsFromSession->handle(Object(Illuminate\\Http\\Request), Object(Closure))
#11 /Users/rogerrojasramirez/PhpstormProjects/dinosaurTest/vendor/laravel/framework/src/Illuminate/Session/Middleware/StartSession.php(56): Illuminate\\Pipeline\\Pipeline->Illuminate\\Pipeline\\{closure}(Object(Illuminate\\Http\\Request))
#12 /Users/rogerrojasramirez/PhpstormProjects/dinosaurTest/vendor/laravel/framework/src/Illuminate/Pipeline/Pipeline.php(171): Illuminate\\Session\\Middleware\\StartSession->handle(Object(Illuminate\\Http\\Request), Object(Closure))
#13 /Users/rogerrojasramirez/PhpstormProjects/dinosaurTest/vendor/laravel/framework/src/Illuminate/Cookie/Middleware/AddQueuedCookiesToResponse.php(37): Illuminate\\Pipeline\\Pipeline->Illuminate\\Pipeline\\{closure}(Object(Illuminate\\Http\\Request))
#14 /Users/rogerrojasramirez/PhpstormProjects/dinosaurTest/vendor/laravel/framework/src/Illuminate/Pipeline/Pipeline.php(171): Illuminate\\Cookie\\Middleware\\AddQueuedCookiesToResponse->handle(Object(Illuminate\\Http\\Request), Object(Closure))
#15 /Users/rogerrojasramirez/PhpstormProjects/dinosaurTest/vendor/laravel/framework/src/Illuminate/Cookie/Middleware/EncryptCookies.php(66): Illuminate\\Pipeline\\Pipeline->Illuminate\\Pipeline\\{closure}(Object(Illuminate\\Http\\Request))
#16 /Users/rogerrojasramirez/PhpstormProjects/dinosaurTest/vendor/laravel/framework/src/Illuminate/Pipeline/Pipeline.php(171): Illuminate\\Cookie\\Middleware\\EncryptCookies->handle(Object(Illuminate\\Http\\Request), Object(Closure))
#17 /Users/rogerrojasramirez/PhpstormProjects/dinosaurTest/vendor/laravel/framework/src/Illuminate/Pipeline/Pipeline.php(105): Illuminate\\Pipeline\\Pipeline->Illuminate\\Pipeline\\{closure}(Object(Illuminate\\Http\\Request))
#18 /Users/rogerrojasramirez/PhpstormProjects/dinosaurTest/vendor/laravel/framework/src/Illuminate/Routing/Router.php(682): Illuminate\\Pipeline\\Pipeline->then(Object(Closure))
#19 /Users/rogerrojasramirez/PhpstormProjects/dinosaurTest/vendor/laravel/framework/src/Illuminate/Routing/Router.php(657): Illuminate\\Routing\\Router->runRouteWithinStack(Object(Illuminate\\Routing\\Route), Object(Illuminate\\Http\\Request))
#20 /Users/rogerrojasramirez/PhpstormProjects/dinosaurTest/vendor/laravel/framework/src/Illuminate/Routing/Router.php(623): Illuminate\\Routing\\Router->runRoute(Object(Illuminate\\Http\\Request), Object(Illuminate\\Routing\\Route))
#21 /Users/rogerrojasramirez/PhpstormProjects/dinosaurTest/vendor/laravel/framework/src/Illuminate/Routing/Router.php(612): Illuminate\\Routing\\Router->dispatchToRoute(Object(Illuminate\\Http\\Request))
#22 /Users/rogerrojasramirez/PhpstormProjects/dinosaurTest/vendor/laravel/framework/src/Illuminate/Foundation/Http/Kernel.php(176): Illuminate\\Routing\\Router->dispatch(Object(Illuminate\\Http\\Request))
#23 /Users/rogerrojasramirez/PhpstormProjects/dinosaurTest/vendor/laravel/framework/src/Illuminate/Pipeline/Pipeline.php(130): Illuminate\\Foundation\\Http\\Kernel->Illuminate\\Foundation\\Http\\{closure}(Object(Illuminate\\Http\\Request))
#24 /Users/rogerrojasramirez/PhpstormProjects/dinosaurTest/vendor/laravel/framework/src/Illuminate/Foundation/Http/Middleware/TransformsRequest.php(21): Illuminate\\Pipeline\\Pipeline->Illuminate\\Pipeline\\{closure}(Object(Illuminate\\Http\\Request))
#25 /Users/rogerrojasramirez/PhpstormProjects/dinosaurTest/vendor/laravel/framework/src/Illuminate/Pipeline/Pipeline.php(171): Illuminate\\Foundation\\Http\\Middleware\\TransformsRequest->handle(Object(Illuminate\\Http\\Request), Object(Closure))
#26 /Users/rogerrojasramirez/PhpstormProjects/dinosaurTest/vendor/laravel/framework/src/Illuminate/Foundation/Http/Middleware/TransformsRequest.php(21): Illuminate\\Pipeline\\Pipeline->Illuminate\\Pipeline\\{closure}(Object(Illuminate\\Http\\Request))
#27 /Users/rogerrojasramirez/PhpstormProjects/dinosaurTest/vendor/laravel/framework/src/Illuminate/Pipeline/Pipeline.php(171): Illuminate\\Foundation\\Http\\Middleware\\TransformsRequest->handle(Object(Illuminate\\Http\\Request), Object(Closure))
#28 /Users/rogerrojasramirez/PhpstormProjects/dinosaurTest/vendor/laravel/framework/src/Illuminate/Foundation/Http/Middleware/ValidatePostSize.php(27): Illuminate\\Pipeline\\Pipeline->Illuminate\\Pipeline\\{closure}(Object(Illuminate\\Http\\Request))
#29 /Users/rogerrojasramirez/PhpstormProjects/dinosaurTest/vendor/laravel/framework/src/Illuminate/Pipeline/Pipeline.php(171): Illuminate\\Foundation\\Http\\Middleware\\ValidatePostSize->handle(Object(Illuminate\\Http\\Request), Object(Closure))
#30 /Users/rogerrojasramirez/PhpstormProjects/dinosaurTest/vendor/laravel/framework/src/Illuminate/Foundation/Http/Middleware/CheckForMaintenanceMode.php(62): Illuminate\\Pipeline\\Pipeline->Illuminate\\Pipeline\\{closure}(Object(Illuminate\\Http\\Request))
#31 /Users/rogerrojasramirez/PhpstormProjects/dinosaurTest/vendor/laravel/framework/src/Illuminate/Pipeline/Pipeline.php(171): Illuminate\\Foundation\\Http\\Middleware\\CheckForMaintenanceMode->handle(Object(Illuminate\\Http\\Request), Object(Closure))
#32 /Users/rogerrojasramirez/PhpstormProjects/dinosaurTest/vendor/fideloper/proxy/src/TrustProxies.php(57): Illuminate\\Pipeline\\Pipeline->Illuminate\\Pipeline\\{closure}(Object(Illuminate\\Http\\Request))
#33 /Users/rogerrojasramirez/PhpstormProjects/dinosaurTest/vendor/laravel/framework/src/Illuminate/Pipeline/Pipeline.php(171): Fideloper\\Proxy\\TrustProxies->handle(Object(Illuminate\\Http\\Request), Object(Closure))
#34 /Users/rogerrojasramirez/PhpstormProjects/dinosaurTest/vendor/laravel/framework/src/Illuminate/Pipeline/Pipeline.php(105): Illuminate\\Pipeline\\Pipeline->Illuminate\\Pipeline\\{closure}(Object(Illuminate\\Http\\Request))
#35 /Users/rogerrojasramirez/PhpstormProjects/dinosaurTest/vendor/laravel/framework/src/Illuminate/Foundation/Http/Kernel.php(151): Illuminate\\Pipeline\\Pipeline->then(Object(Closure))
#36 /Users/rogerrojasramirez/PhpstormProjects/dinosaurTest/vendor/laravel/framework/src/Illuminate/Foundation/Http/Kernel.php(116): Illuminate\\Foundation\\Http\\Kernel->sendRequestThroughRouter(Object(Illuminate\\Http\\Request))
#37 /Users/rogerrojasramirez/PhpstormProjects/dinosaurTest/vendor/laravel/framework/src/Illuminate/Foundation/Testing/Concerns/MakesHttpRequests.php(434): Illuminate\\Foundation\\Http\\Kernel->handle(Object(Illuminate\\Http\\Request))
#38 /Users/rogerrojasramirez/PhpstormProjects/dinosaurTest/vendor/laravel/framework/src/Illuminate/Foundation/Testing/Concerns/MakesHttpRequests.php(406): Illuminate\\Foundation\\Testing\\TestCase->call('POST', '/getDomainsReco...', Array, Array, Array, Array, '{\"domains\":[]}')
#39 /Users/rogerrojasramirez/PhpstormProjects/dinosaurTest/vendor/laravel/framework/src/Illuminate/Foundation/Testing/Concerns/MakesHttpRequests.php(265): Illuminate\\Foundation\\Testing\\TestCase->json('POST', '/getDomainsReco...', Array, Array)
#40 /Users/rogerrojasramirez/PhpstormProjects/dinosaurTest/tests/Feature/InitTest.php(59): Illuminate\\Foundation\\Testing\\TestCase->postJson('/getDomainsReco...', Array)
#41 /Users/rogerrojasramirez/PhpstormProjects/dinosaurTest/vendor/phpunit/phpunit/src/Framework/TestCase.php(1400): Tests\\Feature\\InitTest->testPostRouteHaveDomainList()
#42 /Users/rogerrojasramirez/PhpstormProjects/dinosaurTest/vendor/phpunit/phpunit/src/Framework/TestCase.php(1020): PHPUnit\\Framework\\TestCase->runTest()
#43 /Users/rogerrojasramirez/PhpstormProjects/dinosaurTest/vendor/phpunit/phpunit/src/Framework/TestResult.php(691): PHPUnit\\Framework\\TestCase->runBare()
#44 /Users/rogerrojasramirez/PhpstormProjects/dinosaurTest/vendor/phpunit/phpunit/src/Framework/TestCase.php(752): PHPUnit\\Framework\\TestResult->run(Object(Tests\\Feature\\InitTest))
#45 /Users/rogerrojasramirez/PhpstormProjects/dinosaurTest/vendor/phpunit/phpunit/src/Framework/TestSuite.php(569): PHPUnit\\Framework\\TestCase->run(Object(PHPUnit\\Framework\\TestResult))
#46 /Users/rogerrojasramirez/PhpstormProjects/dinosaurTest/vendor/phpunit/phpunit/src/TextUI/TestRunner.php(616): PHPUnit\\Framework\\TestSuite->run(Object(PHPUnit\\Framework\\TestResult))
#47 /Users/rogerrojasramirez/PhpstormProjects/dinosaurTest/vendor/phpunit/phpunit/src/TextUI/Command.php(200): PHPUnit\\TextUI\\TestRunner->doRun(Object(PHPUnit\\Framework\\TestSuite), Array, true)
#48 /Users/rogerrojasramirez/PhpstormProjects/dinosaurTest/vendor/phpunit/phpunit/src/TextUI/Command.php(159): PHPUnit\\TextUI\\Command->run(Array, true)
#49 /Users/rogerrojasramirez/PhpstormProjects/dinosaurTest/vendor/phpunit/phpunit/phpunit(61): PHPUnit\\TextUI\\Command::main()
#50 {main}
"} 
[2019-10-26 21:08:03] testing.ERROR: Use of undefined constant response - assumed 'response' (this will throw an Error in a future version of PHP) {"exception":"[object] (ErrorException(code: 0): Use of undefined constant response - assumed 'response' (this will throw an Error in a future version of PHP) at /Users/rogerrojasramirez/PhpstormProjects/dinosaurTest/routes/web.php:27)
[stacktrace]
#0 /Users/rogerrojasramirez/PhpstormProjects/dinosaurTest/routes/web.php(27): Illuminate\\Foundation\\Bootstrap\\HandleExceptions->handleError(2, 'Use of undefine...', '/Users/rogerroj...', 27, Array)
#1 /Users/rogerrojasramirez/PhpstormProjects/dinosaurTest/vendor/laravel/framework/src/Illuminate/Routing/Route.php(205): Illuminate\\Routing\\RouteFileRegistrar->{closure}()
#2 /Users/rogerrojasramirez/PhpstormProjects/dinosaurTest/vendor/laravel/framework/src/Illuminate/Routing/Route.php(179): Illuminate\\Routing\\Route->runCallable()
#3 /Users/rogerrojasramirez/PhpstormProjects/dinosaurTest/vendor/laravel/framework/src/Illuminate/Routing/Router.php(680): Illuminate\\Routing\\Route->run()
#4 /Users/rogerrojasramirez/PhpstormProjects/dinosaurTest/vendor/laravel/framework/src/Illuminate/Pipeline/Pipeline.php(130): Illuminate\\Routing\\Router->Illuminate\\Routing\\{closure}(Object(Illuminate\\Http\\Request))
#5 /Users/rogerrojasramirez/PhpstormProjects/dinosaurTest/vendor/laravel/framework/src/Illuminate/Routing/Middleware/SubstituteBindings.php(41): Illuminate\\Pipeline\\Pipeline->Illuminate\\Pipeline\\{closure}(Object(Illuminate\\Http\\Request))
#6 /Users/rogerrojasramirez/PhpstormProjects/dinosaurTest/vendor/laravel/framework/src/Illuminate/Pipeline/Pipeline.php(171): Illuminate\\Routing\\Middleware\\SubstituteBindings->handle(Object(Illuminate\\Http\\Request), Object(Closure))
#7 /Users/rogerrojasramirez/PhpstormProjects/dinosaurTest/vendor/laravel/framework/src/Illuminate/Foundation/Http/Middleware/VerifyCsrfToken.php(76): Illuminate\\Pipeline\\Pipeline->Illuminate\\Pipeline\\{closure}(Object(Illuminate\\Http\\Request))
#8 /Users/rogerrojasramirez/PhpstormProjects/dinosaurTest/vendor/laravel/framework/src/Illuminate/Pipeline/Pipeline.php(171): Illuminate\\Foundation\\Http\\Middleware\\VerifyCsrfToken->handle(Object(Illuminate\\Http\\Request), Object(Closure))
#9 /Users/rogerrojasramirez/PhpstormProjects/dinosaurTest/vendor/laravel/framework/src/Illuminate/View/Middleware/ShareErrorsFromSession.php(49): Illuminate\\Pipeline\\Pipeline->Illuminate\\Pipeline\\{closure}(Object(Illuminate\\Http\\Request))
#10 /Users/rogerrojasramirez/PhpstormProjects/dinosaurTest/vendor/laravel/framework/src/Illuminate/Pipeline/Pipeline.php(171): Illuminate\\View\\Middleware\\ShareErrorsFromSession->handle(Object(Illuminate\\Http\\Request), Object(Closure))
#11 /Users/rogerrojasramirez/PhpstormProjects/dinosaurTest/vendor/laravel/framework/src/Illuminate/Session/Middleware/StartSession.php(56): Illuminate\\Pipeline\\Pipeline->Illuminate\\Pipeline\\{closure}(Object(Illuminate\\Http\\Request))
#12 /Users/rogerrojasramirez/PhpstormProjects/dinosaurTest/vendor/laravel/framework/src/Illuminate/Pipeline/Pipeline.php(171): Illuminate\\Session\\Middleware\\StartSession->handle(Object(Illuminate\\Http\\Request), Object(Closure))
#13 /Users/rogerrojasramirez/PhpstormProjects/dinosaurTest/vendor/laravel/framework/src/Illuminate/Cookie/Middleware/AddQueuedCookiesToResponse.php(37): Illuminate\\Pipeline\\Pipeline->Illuminate\\Pipeline\\{closure}(Object(Illuminate\\Http\\Request))
#14 /Users/rogerrojasramirez/PhpstormProjects/dinosaurTest/vendor/laravel/framework/src/Illuminate/Pipeline/Pipeline.php(171): Illuminate\\Cookie\\Middleware\\AddQueuedCookiesToResponse->handle(Object(Illuminate\\Http\\Request), Object(Closure))
#15 /Users/rogerrojasramirez/PhpstormProjects/dinosaurTest/vendor/laravel/framework/src/Illuminate/Cookie/Middleware/EncryptCookies.php(66): Illuminate\\Pipeline\\Pipeline->Illuminate\\Pipeline\\{closure}(Object(Illuminate\\Http\\Request))
#16 /Users/rogerrojasramirez/PhpstormProjects/dinosaurTest/vendor/laravel/framework/src/Illuminate/Pipeline/Pipeline.php(171): Illuminate\\Cookie\\Middleware\\EncryptCookies->handle(Object(Illuminate\\Http\\Request), Object(Closure))
#17 /Users/rogerrojasramirez/PhpstormProjects/dinosaurTest/vendor/laravel/framework/src/Illuminate/Pipeline/Pipeline.php(105): Illuminate\\Pipeline\\Pipeline->Illuminate\\Pipeline\\{closure}(Object(Illuminate\\Http\\Request))
#18 /Users/rogerrojasramirez/PhpstormProjects/dinosaurTest/vendor/laravel/framework/src/Illuminate/Routing/Router.php(682): Illuminate\\Pipeline\\Pipeline->then(Object(Closure))
#19 /Users/rogerrojasramirez/PhpstormProjects/dinosaurTest/vendor/laravel/framework/src/Illuminate/Routing/Router.php(657): Illuminate\\Routing\\Router->runRouteWithinStack(Object(Illuminate\\Routing\\Route), Object(Illuminate\\Http\\Request))
#20 /Users/rogerrojasramirez/PhpstormProjects/dinosaurTest/vendor/laravel/framework/src/Illuminate/Routing/Router.php(623): Illuminate\\Routing\\Router->runRoute(Object(Illuminate\\Http\\Request), Object(Illuminate\\Routing\\Route))
#21 /Users/rogerrojasramirez/PhpstormProjects/dinosaurTest/vendor/laravel/framework/src/Illuminate/Routing/Router.php(612): Illuminate\\Routing\\Router->dispatchToRoute(Object(Illuminate\\Http\\Request))
#22 /Users/rogerrojasramirez/PhpstormProjects/dinosaurTest/vendor/laravel/framework/src/Illuminate/Foundation/Http/Kernel.php(176): Illuminate\\Routing\\Router->dispatch(Object(Illuminate\\Http\\Request))
#23 /Users/rogerrojasramirez/PhpstormProjects/dinosaurTest/vendor/laravel/framework/src/Illuminate/Pipeline/Pipeline.php(130): Illuminate\\Foundation\\Http\\Kernel->Illuminate\\Foundation\\Http\\{closure}(Object(Illuminate\\Http\\Request))
#24 /Users/rogerrojasramirez/PhpstormProjects/dinosaurTest/vendor/laravel/framework/src/Illuminate/Foundation/Http/Middleware/TransformsRequest.php(21): Illuminate\\Pipeline\\Pipeline->Illuminate\\Pipeline\\{closure}(Object(Illuminate\\Http\\Request))
#25 /Users/rogerrojasramirez/PhpstormProjects/dinosaurTest/vendor/laravel/framework/src/Illuminate/Pipeline/Pipeline.php(171): Illuminate\\Foundation\\Http\\Middleware\\TransformsRequest->handle(Object(Illuminate\\Http\\Request), Object(Closure))
#26 /Users/rogerrojasramirez/PhpstormProjects/dinosaurTest/vendor/laravel/framework/src/Illuminate/Foundation/Http/Middleware/TransformsRequest.php(21): Illuminate\\Pipeline\\Pipeline->Illuminate\\Pipeline\\{closure}(Object(Illuminate\\Http\\Request))
#27 /Users/rogerrojasramirez/PhpstormProjects/dinosaurTest/vendor/laravel/framework/src/Illuminate/Pipeline/Pipeline.php(171): Illuminate\\Foundation\\Http\\Middleware\\TransformsRequest->handle(Object(Illuminate\\Http\\Request), Object(Closure))
#28 /Users/rogerrojasramirez/PhpstormProjects/dinosaurTest/vendor/laravel/framework/src/Illuminate/Foundation/Http/Middleware/ValidatePostSize.php(27): Illuminate\\Pipeline\\Pipeline->Illuminate\\Pipeline\\{closure}(Object(Illuminate\\Http\\Request))
#29 /Users/rogerrojasramirez/PhpstormProjects/dinosaurTest/vendor/laravel/framework/src/Illuminate/Pipeline/Pipeline.php(171): Illuminate\\Foundation\\Http\\Middleware\\ValidatePostSize->handle(Object(Illuminate\\Http\\Request), Object(Closure))
#30 /Users/rogerrojasramirez/PhpstormProjects/dinosaurTest/vendor/laravel/framework/src/Illuminate/Foundation/Http/Middleware/CheckForMaintenanceMode.php(62): Illuminate\\Pipeline\\Pipeline->Illuminate\\Pipeline\\{closure}(Object(Illuminate\\Http\\Request))
#31 /Users/rogerrojasramirez/PhpstormProjects/dinosaurTest/vendor/laravel/framework/src/Illuminate/Pipeline/Pipeline.php(171): Illuminate\\Foundation\\Http\\Middleware\\CheckForMaintenanceMode->handle(Object(Illuminate\\Http\\Request), Object(Closure))
#32 /Users/rogerrojasramirez/PhpstormProjects/dinosaurTest/vendor/fideloper/proxy/src/TrustProxies.php(57): Illuminate\\Pipeline\\Pipeline->Illuminate\\Pipeline\\{closure}(Object(Illuminate\\Http\\Request))
#33 /Users/rogerrojasramirez/PhpstormProjects/dinosaurTest/vendor/laravel/framework/src/Illuminate/Pipeline/Pipeline.php(171): Fideloper\\Proxy\\TrustProxies->handle(Object(Illuminate\\Http\\Request), Object(Closure))
#34 /Users/rogerrojasramirez/PhpstormProjects/dinosaurTest/vendor/laravel/framework/src/Illuminate/Pipeline/Pipeline.php(105): Illuminate\\Pipeline\\Pipeline->Illuminate\\Pipeline\\{closure}(Object(Illuminate\\Http\\Request))
#35 /Users/rogerrojasramirez/PhpstormProjects/dinosaurTest/vendor/laravel/framework/src/Illuminate/Foundation/Http/Kernel.php(151): Illuminate\\Pipeline\\Pipeline->then(Object(Closure))
#36 /Users/rogerrojasramirez/PhpstormProjects/dinosaurTest/vendor/laravel/framework/src/Illuminate/Foundation/Http/Kernel.php(116): Illuminate\\Foundation\\Http\\Kernel->sendRequestThroughRouter(Object(Illuminate\\Http\\Request))
#37 /Users/rogerrojasramirez/PhpstormProjects/dinosaurTest/vendor/laravel/framework/src/Illuminate/Foundation/Testing/Concerns/MakesHttpRequests.php(434): Illuminate\\Foundation\\Http\\Kernel->handle(Object(Illuminate\\Http\\Request))
#38 /Users/rogerrojasramirez/PhpstormProjects/dinosaurTest/vendor/laravel/framework/src/Illuminate/Foundation/Testing/Concerns/MakesHttpRequests.php(406): Illuminate\\Foundation\\Testing\\TestCase->call('POST', '/getDomainsReco...', Array, Array, Array, Array, '[{\"domain\":\"che...')
#39 /Users/rogerrojasramirez/PhpstormProjects/dinosaurTest/vendor/laravel/framework/src/Illuminate/Foundation/Testing/Concerns/MakesHttpRequests.php(265): Illuminate\\Foundation\\Testing\\TestCase->json('POST', '/getDomainsReco...', Array, Array)
#40 /Users/rogerrojasramirez/PhpstormProjects/dinosaurTest/tests/Feature/InitTest.php(46): Illuminate\\Foundation\\Testing\\TestCase->postJson('/getDomainsReco...', Array)
#41 /Users/rogerrojasramirez/PhpstormProjects/dinosaurTest/vendor/phpunit/phpunit/src/Framework/TestCase.php(1400): Tests\\Feature\\InitTest->testPostRouteExists()
#42 /Users/rogerrojasramirez/PhpstormProjects/dinosaurTest/vendor/phpunit/phpunit/src/Framework/TestCase.php(1020): PHPUnit\\Framework\\TestCase->runTest()
#43 /Users/rogerrojasramirez/PhpstormProjects/dinosaurTest/vendor/phpunit/phpunit/src/Framework/TestResult.php(691): PHPUnit\\Framework\\TestCase->runBare()
#44 /Users/rogerrojasramirez/PhpstormProjects/dinosaurTest/vendor/phpunit/phpunit/src/Framework/TestCase.php(752): PHPUnit\\Framework\\TestResult->run(Object(Tests\\Feature\\InitTest))
#45 /Users/rogerrojasramirez/PhpstormProjects/dinosaurTest/vendor/phpunit/phpunit/src/Framework/TestSuite.php(569): PHPUnit\\Framework\\TestCase->run(Object(PHPUnit\\Framework\\TestResult))
#46 /Users/rogerrojasramirez/PhpstormProjects/dinosaurTest/vendor/phpunit/phpunit/src/TextUI/TestRunner.php(616): PHPUnit\\Framework\\TestSuite->run(Object(PHPUnit\\Framework\\TestResult))
#47 /Users/rogerrojasramirez/PhpstormProjects/dinosaurTest/vendor/phpunit/phpunit/src/TextUI/Command.php(200): PHPUnit\\TextUI\\TestRunner->doRun(Object(PHPUnit\\Framework\\TestSuite), Array, true)
#48 /Users/rogerrojasramirez/PhpstormProjects/dinosaurTest/vendor/phpunit/phpunit/src/TextUI/Command.php(159): PHPUnit\\TextUI\\Command->run(Array, true)
#49 /Users/rogerrojasramirez/PhpstormProjects/dinosaurTest/vendor/phpunit/phpunit/phpunit(61): PHPUnit\\TextUI\\Command::main()
#50 {main}
"} 
[2019-10-26 21:08:03] testing.ERROR: Use of undefined constant response - assumed 'response' (this will throw an Error in a future version of PHP) {"exception":"[object] (ErrorException(code: 0): Use of undefined constant response - assumed 'response' (this will throw an Error in a future version of PHP) at /Users/rogerrojasramirez/PhpstormProjects/dinosaurTest/routes/web.php:27)
[stacktrace]
#0 /Users/rogerrojasramirez/PhpstormProjects/dinosaurTest/routes/web.php(27): Illuminate\\Foundation\\Bootstrap\\HandleExceptions->handleError(2, 'Use of undefine...', '/Users/rogerroj...', 27, Array)
#1 /Users/rogerrojasramirez/PhpstormProjects/dinosaurTest/vendor/laravel/framework/src/Illuminate/Routing/Route.php(205): Illuminate\\Routing\\RouteFileRegistrar->{closure}()
#2 /Users/rogerrojasramirez/PhpstormProjects/dinosaurTest/vendor/laravel/framework/src/Illuminate/Routing/Route.php(179): Illuminate\\Routing\\Route->runCallable()
#3 /Users/rogerrojasramirez/PhpstormProjects/dinosaurTest/vendor/laravel/framework/src/Illuminate/Routing/Router.php(680): Illuminate\\Routing\\Route->run()
#4 /Users/rogerrojasramirez/PhpstormProjects/dinosaurTest/vendor/laravel/framework/src/Illuminate/Pipeline/Pipeline.php(130): Illuminate\\Routing\\Router->Illuminate\\Routing\\{closure}(Object(Illuminate\\Http\\Request))
#5 /Users/rogerrojasramirez/PhpstormProjects/dinosaurTest/vendor/laravel/framework/src/Illuminate/Routing/Middleware/SubstituteBindings.php(41): Illuminate\\Pipeline\\Pipeline->Illuminate\\Pipeline\\{closure}(Object(Illuminate\\Http\\Request))
#6 /Users/rogerrojasramirez/PhpstormProjects/dinosaurTest/vendor/laravel/framework/src/Illuminate/Pipeline/Pipeline.php(171): Illuminate\\Routing\\Middleware\\SubstituteBindings->handle(Object(Illuminate\\Http\\Request), Object(Closure))
#7 /Users/rogerrojasramirez/PhpstormProjects/dinosaurTest/vendor/laravel/framework/src/Illuminate/Foundation/Http/Middleware/VerifyCsrfToken.php(76): Illuminate\\Pipeline\\Pipeline->Illuminate\\Pipeline\\{closure}(Object(Illuminate\\Http\\Request))
#8 /Users/rogerrojasramirez/PhpstormProjects/dinosaurTest/vendor/laravel/framework/src/Illuminate/Pipeline/Pipeline.php(171): Illuminate\\Foundation\\Http\\Middleware\\VerifyCsrfToken->handle(Object(Illuminate\\Http\\Request), Object(Closure))
#9 /Users/rogerrojasramirez/PhpstormProjects/dinosaurTest/vendor/laravel/framework/src/Illuminate/View/Middleware/ShareErrorsFromSession.php(49): Illuminate\\Pipeline\\Pipeline->Illuminate\\Pipeline\\{closure}(Object(Illuminate\\Http\\Request))
#10 /Users/rogerrojasramirez/PhpstormProjects/dinosaurTest/vendor/laravel/framework/src/Illuminate/Pipeline/Pipeline.php(171): Illuminate\\View\\Middleware\\ShareErrorsFromSession->handle(Object(Illuminate\\Http\\Request), Object(Closure))
#11 /Users/rogerrojasramirez/PhpstormProjects/dinosaurTest/vendor/laravel/framework/src/Illuminate/Session/Middleware/StartSession.php(56): Illuminate\\Pipeline\\Pipeline->Illuminate\\Pipeline\\{closure}(Object(Illuminate\\Http\\Request))
#12 /Users/rogerrojasramirez/PhpstormProjects/dinosaurTest/vendor/laravel/framework/src/Illuminate/Pipeline/Pipeline.php(171): Illuminate\\Session\\Middleware\\StartSession->handle(Object(Illuminate\\Http\\Request), Object(Closure))
#13 /Users/rogerrojasramirez/PhpstormProjects/dinosaurTest/vendor/laravel/framework/src/Illuminate/Cookie/Middleware/AddQueuedCookiesToResponse.php(37): Illuminate\\Pipeline\\Pipeline->Illuminate\\Pipeline\\{closure}(Object(Illuminate\\Http\\Request))
#14 /Users/rogerrojasramirez/PhpstormProjects/dinosaurTest/vendor/laravel/framework/src/Illuminate/Pipeline/Pipeline.php(171): Illuminate\\Cookie\\Middleware\\AddQueuedCookiesToResponse->handle(Object(Illuminate\\Http\\Request), Object(Closure))
#15 /Users/rogerrojasramirez/PhpstormProjects/dinosaurTest/vendor/laravel/framework/src/Illuminate/Cookie/Middleware/EncryptCookies.php(66): Illuminate\\Pipeline\\Pipeline->Illuminate\\Pipeline\\{closure}(Object(Illuminate\\Http\\Request))
#16 /Users/rogerrojasramirez/PhpstormProjects/dinosaurTest/vendor/laravel/framework/src/Illuminate/Pipeline/Pipeline.php(171): Illuminate\\Cookie\\Middleware\\EncryptCookies->handle(Object(Illuminate\\Http\\Request), Object(Closure))
#17 /Users/rogerrojasramirez/PhpstormProjects/dinosaurTest/vendor/laravel/framework/src/Illuminate/Pipeline/Pipeline.php(105): Illuminate\\Pipeline\\Pipeline->Illuminate\\Pipeline\\{closure}(Object(Illuminate\\Http\\Request))
#18 /Users/rogerrojasramirez/PhpstormProjects/dinosaurTest/vendor/laravel/framework/src/Illuminate/Routing/Router.php(682): Illuminate\\Pipeline\\Pipeline->then(Object(Closure))
#19 /Users/rogerrojasramirez/PhpstormProjects/dinosaurTest/vendor/laravel/framework/src/Illuminate/Routing/Router.php(657): Illuminate\\Routing\\Router->runRouteWithinStack(Object(Illuminate\\Routing\\Route), Object(Illuminate\\Http\\Request))
#20 /Users/rogerrojasramirez/PhpstormProjects/dinosaurTest/vendor/laravel/framework/src/Illuminate/Routing/Router.php(623): Illuminate\\Routing\\Router->runRoute(Object(Illuminate\\Http\\Request), Object(Illuminate\\Routing\\Route))
#21 /Users/rogerrojasramirez/PhpstormProjects/dinosaurTest/vendor/laravel/framework/src/Illuminate/Routing/Router.php(612): Illuminate\\Routing\\Router->dispatchToRoute(Object(Illuminate\\Http\\Request))
#22 /Users/rogerrojasramirez/PhpstormProjects/dinosaurTest/vendor/laravel/framework/src/Illuminate/Foundation/Http/Kernel.php(176): Illuminate\\Routing\\Router->dispatch(Object(Illuminate\\Http\\Request))
#23 /Users/rogerrojasramirez/PhpstormProjects/dinosaurTest/vendor/laravel/framework/src/Illuminate/Pipeline/Pipeline.php(130): Illuminate\\Foundation\\Http\\Kernel->Illuminate\\Foundation\\Http\\{closure}(Object(Illuminate\\Http\\Request))
#24 /Users/rogerrojasramirez/PhpstormProjects/dinosaurTest/vendor/laravel/framework/src/Illuminate/Foundation/Http/Middleware/TransformsRequest.php(21): Illuminate\\Pipeline\\Pipeline->Illuminate\\Pipeline\\{closure}(Object(Illuminate\\Http\\Request))
#25 /Users/rogerrojasramirez/PhpstormProjects/dinosaurTest/vendor/laravel/framework/src/Illuminate/Pipeline/Pipeline.php(171): Illuminate\\Foundation\\Http\\Middleware\\TransformsRequest->handle(Object(Illuminate\\Http\\Request), Object(Closure))
#26 /Users/rogerrojasramirez/PhpstormProjects/dinosaurTest/vendor/laravel/framework/src/Illuminate/Foundation/Http/Middleware/TransformsRequest.php(21): Illuminate\\Pipeline\\Pipeline->Illuminate\\Pipeline\\{closure}(Object(Illuminate\\Http\\Request))
#27 /Users/rogerrojasramirez/PhpstormProjects/dinosaurTest/vendor/laravel/framework/src/Illuminate/Pipeline/Pipeline.php(171): Illuminate\\Foundation\\Http\\Middleware\\TransformsRequest->handle(Object(Illuminate\\Http\\Request), Object(Closure))
#28 /Users/rogerrojasramirez/PhpstormProjects/dinosaurTest/vendor/laravel/framework/src/Illuminate/Foundation/Http/Middleware/ValidatePostSize.php(27): Illuminate\\Pipeline\\Pipeline->Illuminate\\Pipeline\\{closure}(Object(Illuminate\\Http\\Request))
#29 /Users/rogerrojasramirez/PhpstormProjects/dinosaurTest/vendor/laravel/framework/src/Illuminate/Pipeline/Pipeline.php(171): Illuminate\\Foundation\\Http\\Middleware\\ValidatePostSize->handle(Object(Illuminate\\Http\\Request), Object(Closure))
#30 /Users/rogerrojasramirez/PhpstormProjects/dinosaurTest/vendor/laravel/framework/src/Illuminate/Foundation/Http/Middleware/CheckForMaintenanceMode.php(62): Illuminate\\Pipeline\\Pipeline->Illuminate\\Pipeline\\{closure}(Object(Illuminate\\Http\\Request))
#31 /Users/rogerrojasramirez/PhpstormProjects/dinosaurTest/vendor/laravel/framework/src/Illuminate/Pipeline/Pipeline.php(171): Illuminate\\Foundation\\Http\\Middleware\\CheckForMaintenanceMode->handle(Object(Illuminate\\Http\\Request), Object(Closure))
#32 /Users/rogerrojasramirez/PhpstormProjects/dinosaurTest/vendor/fideloper/proxy/src/TrustProxies.php(57): Illuminate\\Pipeline\\Pipeline->Illuminate\\Pipeline\\{closure}(Object(Illuminate\\Http\\Request))
#33 /Users/rogerrojasramirez/PhpstormProjects/dinosaurTest/vendor/laravel/framework/src/Illuminate/Pipeline/Pipeline.php(171): Fideloper\\Proxy\\TrustProxies->handle(Object(Illuminate\\Http\\Request), Object(Closure))
#34 /Users/rogerrojasramirez/PhpstormProjects/dinosaurTest/vendor/laravel/framework/src/Illuminate/Pipeline/Pipeline.php(105): Illuminate\\Pipeline\\Pipeline->Illuminate\\Pipeline\\{closure}(Object(Illuminate\\Http\\Request))
#35 /Users/rogerrojasramirez/PhpstormProjects/dinosaurTest/vendor/laravel/framework/src/Illuminate/Foundation/Http/Kernel.php(151): Illuminate\\Pipeline\\Pipeline->then(Object(Closure))
#36 /Users/rogerrojasramirez/PhpstormProjects/dinosaurTest/vendor/laravel/framework/src/Illuminate/Foundation/Http/Kernel.php(116): Illuminate\\Foundation\\Http\\Kernel->sendRequestThroughRouter(Object(Illuminate\\Http\\Request))
#37 /Users/rogerrojasramirez/PhpstormProjects/dinosaurTest/vendor/laravel/framework/src/Illuminate/Foundation/Testing/Concerns/MakesHttpRequests.php(434): Illuminate\\Foundation\\Http\\Kernel->handle(Object(Illuminate\\Http\\Request))
#38 /Users/rogerrojasramirez/PhpstormProjects/dinosaurTest/vendor/laravel/framework/src/Illuminate/Foundation/Testing/Concerns/MakesHttpRequests.php(406): Illuminate\\Foundation\\Testing\\TestCase->call('POST', '/getDomainsReco...', Array, Array, Array, Array, '{\"domains\":[]}')
#39 /Users/rogerrojasramirez/PhpstormProjects/dinosaurTest/vendor/laravel/framework/src/Illuminate/Foundation/Testing/Concerns/MakesHttpRequests.php(265): Illuminate\\Foundation\\Testing\\TestCase->json('POST', '/getDomainsReco...', Array, Array)
#40 /Users/rogerrojasramirez/PhpstormProjects/dinosaurTest/tests/Feature/InitTest.php(61): Illuminate\\Foundation\\Testing\\TestCase->postJson('/getDomainsReco...', Array)
#41 /Users/rogerrojasramirez/PhpstormProjects/dinosaurTest/vendor/phpunit/phpunit/src/Framework/TestCase.php(1400): Tests\\Feature\\InitTest->testPostRouteHaveDomainList()
#42 /Users/rogerrojasramirez/PhpstormProjects/dinosaurTest/vendor/phpunit/phpunit/src/Framework/TestCase.php(1020): PHPUnit\\Framework\\TestCase->runTest()
#43 /Users/rogerrojasramirez/PhpstormProjects/dinosaurTest/vendor/phpunit/phpunit/src/Framework/TestResult.php(691): PHPUnit\\Framework\\TestCase->runBare()
#44 /Users/rogerrojasramirez/PhpstormProjects/dinosaurTest/vendor/phpunit/phpunit/src/Framework/TestCase.php(752): PHPUnit\\Framework\\TestResult->run(Object(Tests\\Feature\\InitTest))
#45 /Users/rogerrojasramirez/PhpstormProjects/dinosaurTest/vendor/phpunit/phpunit/src/Framework/TestSuite.php(569): PHPUnit\\Framework\\TestCase->run(Object(PHPUnit\\Framework\\TestResult))
#46 /Users/rogerrojasramirez/PhpstormProjects/dinosaurTest/vendor/phpunit/phpunit/src/TextUI/TestRunner.php(616): PHPUnit\\Framework\\TestSuite->run(Object(PHPUnit\\Framework\\TestResult))
#47 /Users/rogerrojasramirez/PhpstormProjects/dinosaurTest/vendor/phpunit/phpunit/src/TextUI/Command.php(200): PHPUnit\\TextUI\\TestRunner->doRun(Object(PHPUnit\\Framework\\TestSuite), Array, true)
#48 /Users/rogerrojasramirez/PhpstormProjects/dinosaurTest/vendor/phpunit/phpunit/src/TextUI/Command.php(159): PHPUnit\\TextUI\\Command->run(Array, true)
#49 /Users/rogerrojasramirez/PhpstormProjects/dinosaurTest/vendor/phpunit/phpunit/phpunit(61): PHPUnit\\TextUI\\Command::main()
#50 {main}
"} 
[2019-10-26 21:08:48] testing.ERROR: Use of undefined constant response - assumed 'response' (this will throw an Error in a future version of PHP) {"exception":"[object] (ErrorException(code: 0): Use of undefined constant response - assumed 'response' (this will throw an Error in a future version of PHP) at /Users/rogerrojasramirez/PhpstormProjects/dinosaurTest/routes/web.php:27)
[stacktrace]
#0 /Users/rogerrojasramirez/PhpstormProjects/dinosaurTest/routes/web.php(27): Illuminate\\Foundation\\Bootstrap\\HandleExceptions->handleError(2, 'Use of undefine...', '/Users/rogerroj...', 27, Array)
#1 /Users/rogerrojasramirez/PhpstormProjects/dinosaurTest/vendor/laravel/framework/src/Illuminate/Routing/Route.php(205): Illuminate\\Routing\\RouteFileRegistrar->{closure}()
#2 /Users/rogerrojasramirez/PhpstormProjects/dinosaurTest/vendor/laravel/framework/src/Illuminate/Routing/Route.php(179): Illuminate\\Routing\\Route->runCallable()
#3 /Users/rogerrojasramirez/PhpstormProjects/dinosaurTest/vendor/laravel/framework/src/Illuminate/Routing/Router.php(680): Illuminate\\Routing\\Route->run()
#4 /Users/rogerrojasramirez/PhpstormProjects/dinosaurTest/vendor/laravel/framework/src/Illuminate/Pipeline/Pipeline.php(130): Illuminate\\Routing\\Router->Illuminate\\Routing\\{closure}(Object(Illuminate\\Http\\Request))
#5 /Users/rogerrojasramirez/PhpstormProjects/dinosaurTest/vendor/laravel/framework/src/Illuminate/Routing/Middleware/SubstituteBindings.php(41): Illuminate\\Pipeline\\Pipeline->Illuminate\\Pipeline\\{closure}(Object(Illuminate\\Http\\Request))
#6 /Users/rogerrojasramirez/PhpstormProjects/dinosaurTest/vendor/laravel/framework/src/Illuminate/Pipeline/Pipeline.php(171): Illuminate\\Routing\\Middleware\\SubstituteBindings->handle(Object(Illuminate\\Http\\Request), Object(Closure))
#7 /Users/rogerrojasramirez/PhpstormProjects/dinosaurTest/vendor/laravel/framework/src/Illuminate/Foundation/Http/Middleware/VerifyCsrfToken.php(76): Illuminate\\Pipeline\\Pipeline->Illuminate\\Pipeline\\{closure}(Object(Illuminate\\Http\\Request))
#8 /Users/rogerrojasramirez/PhpstormProjects/dinosaurTest/vendor/laravel/framework/src/Illuminate/Pipeline/Pipeline.php(171): Illuminate\\Foundation\\Http\\Middleware\\VerifyCsrfToken->handle(Object(Illuminate\\Http\\Request), Object(Closure))
#9 /Users/rogerrojasramirez/PhpstormProjects/dinosaurTest/vendor/laravel/framework/src/Illuminate/View/Middleware/ShareErrorsFromSession.php(49): Illuminate\\Pipeline\\Pipeline->Illuminate\\Pipeline\\{closure}(Object(Illuminate\\Http\\Request))
#10 /Users/rogerrojasramirez/PhpstormProjects/dinosaurTest/vendor/laravel/framework/src/Illuminate/Pipeline/Pipeline.php(171): Illuminate\\View\\Middleware\\ShareErrorsFromSession->handle(Object(Illuminate\\Http\\Request), Object(Closure))
#11 /Users/rogerrojasramirez/PhpstormProjects/dinosaurTest/vendor/laravel/framework/src/Illuminate/Session/Middleware/StartSession.php(56): Illuminate\\Pipeline\\Pipeline->Illuminate\\Pipeline\\{closure}(Object(Illuminate\\Http\\Request))
#12 /Users/rogerrojasramirez/PhpstormProjects/dinosaurTest/vendor/laravel/framework/src/Illuminate/Pipeline/Pipeline.php(171): Illuminate\\Session\\Middleware\\StartSession->handle(Object(Illuminate\\Http\\Request), Object(Closure))
#13 /Users/rogerrojasramirez/PhpstormProjects/dinosaurTest/vendor/laravel/framework/src/Illuminate/Cookie/Middleware/AddQueuedCookiesToResponse.php(37): Illuminate\\Pipeline\\Pipeline->Illuminate\\Pipeline\\{closure}(Object(Illuminate\\Http\\Request))
#14 /Users/rogerrojasramirez/PhpstormProjects/dinosaurTest/vendor/laravel/framework/src/Illuminate/Pipeline/Pipeline.php(171): Illuminate\\Cookie\\Middleware\\AddQueuedCookiesToResponse->handle(Object(Illuminate\\Http\\Request), Object(Closure))
#15 /Users/rogerrojasramirez/PhpstormProjects/dinosaurTest/vendor/laravel/framework/src/Illuminate/Cookie/Middleware/EncryptCookies.php(66): Illuminate\\Pipeline\\Pipeline->Illuminate\\Pipeline\\{closure}(Object(Illuminate\\Http\\Request))
#16 /Users/rogerrojasramirez/PhpstormProjects/dinosaurTest/vendor/laravel/framework/src/Illuminate/Pipeline/Pipeline.php(171): Illuminate\\Cookie\\Middleware\\EncryptCookies->handle(Object(Illuminate\\Http\\Request), Object(Closure))
#17 /Users/rogerrojasramirez/PhpstormProjects/dinosaurTest/vendor/laravel/framework/src/Illuminate/Pipeline/Pipeline.php(105): Illuminate\\Pipeline\\Pipeline->Illuminate\\Pipeline\\{closure}(Object(Illuminate\\Http\\Request))
#18 /Users/rogerrojasramirez/PhpstormProjects/dinosaurTest/vendor/laravel/framework/src/Illuminate/Routing/Router.php(682): Illuminate\\Pipeline\\Pipeline->then(Object(Closure))
#19 /Users/rogerrojasramirez/PhpstormProjects/dinosaurTest/vendor/laravel/framework/src/Illuminate/Routing/Router.php(657): Illuminate\\Routing\\Router->runRouteWithinStack(Object(Illuminate\\Routing\\Route), Object(Illuminate\\Http\\Request))
#20 /Users/rogerrojasramirez/PhpstormProjects/dinosaurTest/vendor/laravel/framework/src/Illuminate/Routing/Router.php(623): Illuminate\\Routing\\Router->runRoute(Object(Illuminate\\Http\\Request), Object(Illuminate\\Routing\\Route))
#21 /Users/rogerrojasramirez/PhpstormProjects/dinosaurTest/vendor/laravel/framework/src/Illuminate/Routing/Router.php(612): Illuminate\\Routing\\Router->dispatchToRoute(Object(Illuminate\\Http\\Request))
#22 /Users/rogerrojasramirez/PhpstormProjects/dinosaurTest/vendor/laravel/framework/src/Illuminate/Foundation/Http/Kernel.php(176): Illuminate\\Routing\\Router->dispatch(Object(Illuminate\\Http\\Request))
#23 /Users/rogerrojasramirez/PhpstormProjects/dinosaurTest/vendor/laravel/framework/src/Illuminate/Pipeline/Pipeline.php(130): Illuminate\\Foundation\\Http\\Kernel->Illuminate\\Foundation\\Http\\{closure}(Object(Illuminate\\Http\\Request))
#24 /Users/rogerrojasramirez/PhpstormProjects/dinosaurTest/vendor/laravel/framework/src/Illuminate/Foundation/Http/Middleware/TransformsRequest.php(21): Illuminate\\Pipeline\\Pipeline->Illuminate\\Pipeline\\{closure}(Object(Illuminate\\Http\\Request))
#25 /Users/rogerrojasramirez/PhpstormProjects/dinosaurTest/vendor/laravel/framework/src/Illuminate/Pipeline/Pipeline.php(171): Illuminate\\Foundation\\Http\\Middleware\\TransformsRequest->handle(Object(Illuminate\\Http\\Request), Object(Closure))
#26 /Users/rogerrojasramirez/PhpstormProjects/dinosaurTest/vendor/laravel/framework/src/Illuminate/Foundation/Http/Middleware/TransformsRequest.php(21): Illuminate\\Pipeline\\Pipeline->Illuminate\\Pipeline\\{closure}(Object(Illuminate\\Http\\Request))
#27 /Users/rogerrojasramirez/PhpstormProjects/dinosaurTest/vendor/laravel/framework/src/Illuminate/Pipeline/Pipeline.php(171): Illuminate\\Foundation\\Http\\Middleware\\TransformsRequest->handle(Object(Illuminate\\Http\\Request), Object(Closure))
#28 /Users/rogerrojasramirez/PhpstormProjects/dinosaurTest/vendor/laravel/framework/src/Illuminate/Foundation/Http/Middleware/ValidatePostSize.php(27): Illuminate\\Pipeline\\Pipeline->Illuminate\\Pipeline\\{closure}(Object(Illuminate\\Http\\Request))
#29 /Users/rogerrojasramirez/PhpstormProjects/dinosaurTest/vendor/laravel/framework/src/Illuminate/Pipeline/Pipeline.php(171): Illuminate\\Foundation\\Http\\Middleware\\ValidatePostSize->handle(Object(Illuminate\\Http\\Request), Object(Closure))
#30 /Users/rogerrojasramirez/PhpstormProjects/dinosaurTest/vendor/laravel/framework/src/Illuminate/Foundation/Http/Middleware/CheckForMaintenanceMode.php(62): Illuminate\\Pipeline\\Pipeline->Illuminate\\Pipeline\\{closure}(Object(Illuminate\\Http\\Request))
#31 /Users/rogerrojasramirez/PhpstormProjects/dinosaurTest/vendor/laravel/framework/src/Illuminate/Pipeline/Pipeline.php(171): Illuminate\\Foundation\\Http\\Middleware\\CheckForMaintenanceMode->handle(Object(Illuminate\\Http\\Request), Object(Closure))
#32 /Users/rogerrojasramirez/PhpstormProjects/dinosaurTest/vendor/fideloper/proxy/src/TrustProxies.php(57): Illuminate\\Pipeline\\Pipeline->Illuminate\\Pipeline\\{closure}(Object(Illuminate\\Http\\Request))
#33 /Users/rogerrojasramirez/PhpstormProjects/dinosaurTest/vendor/laravel/framework/src/Illuminate/Pipeline/Pipeline.php(171): Fideloper\\Proxy\\TrustProxies->handle(Object(Illuminate\\Http\\Request), Object(Closure))
#34 /Users/rogerrojasramirez/PhpstormProjects/dinosaurTest/vendor/laravel/framework/src/Illuminate/Pipeline/Pipeline.php(105): Illuminate\\Pipeline\\Pipeline->Illuminate\\Pipeline\\{closure}(Object(Illuminate\\Http\\Request))
#35 /Users/rogerrojasramirez/PhpstormProjects/dinosaurTest/vendor/laravel/framework/src/Illuminate/Foundation/Http/Kernel.php(151): Illuminate\\Pipeline\\Pipeline->then(Object(Closure))
#36 /Users/rogerrojasramirez/PhpstormProjects/dinosaurTest/vendor/laravel/framework/src/Illuminate/Foundation/Http/Kernel.php(116): Illuminate\\Foundation\\Http\\Kernel->sendRequestThroughRouter(Object(Illuminate\\Http\\Request))
#37 /Users/rogerrojasramirez/PhpstormProjects/dinosaurTest/vendor/laravel/framework/src/Illuminate/Foundation/Testing/Concerns/MakesHttpRequests.php(434): Illuminate\\Foundation\\Http\\Kernel->handle(Object(Illuminate\\Http\\Request))
#38 /Users/rogerrojasramirez/PhpstormProjects/dinosaurTest/vendor/laravel/framework/src/Illuminate/Foundation/Testing/Concerns/MakesHttpRequests.php(406): Illuminate\\Foundation\\Testing\\TestCase->call('POST', '/getDomainsReco...', Array, Array, Array, Array, '[{\"domain\":\"che...')
#39 /Users/rogerrojasramirez/PhpstormProjects/dinosaurTest/vendor/laravel/framework/src/Illuminate/Foundation/Testing/Concerns/MakesHttpRequests.php(265): Illuminate\\Foundation\\Testing\\TestCase->json('POST', '/getDomainsReco...', Array, Array)
#40 /Users/rogerrojasramirez/PhpstormProjects/dinosaurTest/tests/Feature/InitTest.php(46): Illuminate\\Foundation\\Testing\\TestCase->postJson('/getDomainsReco...', Array)
#41 /Users/rogerrojasramirez/PhpstormProjects/dinosaurTest/vendor/phpunit/phpunit/src/Framework/TestCase.php(1400): Tests\\Feature\\InitTest->testPostRouteExists()
#42 /Users/rogerrojasramirez/PhpstormProjects/dinosaurTest/vendor/phpunit/phpunit/src/Framework/TestCase.php(1020): PHPUnit\\Framework\\TestCase->runTest()
#43 /Users/rogerrojasramirez/PhpstormProjects/dinosaurTest/vendor/phpunit/phpunit/src/Framework/TestResult.php(691): PHPUnit\\Framework\\TestCase->runBare()
#44 /Users/rogerrojasramirez/PhpstormProjects/dinosaurTest/vendor/phpunit/phpunit/src/Framework/TestCase.php(752): PHPUnit\\Framework\\TestResult->run(Object(Tests\\Feature\\InitTest))
#45 /Users/rogerrojasramirez/PhpstormProjects/dinosaurTest/vendor/phpunit/phpunit/src/Framework/TestSuite.php(569): PHPUnit\\Framework\\TestCase->run(Object(PHPUnit\\Framework\\TestResult))
#46 /Users/rogerrojasramirez/PhpstormProjects/dinosaurTest/vendor/phpunit/phpunit/src/TextUI/TestRunner.php(616): PHPUnit\\Framework\\TestSuite->run(Object(PHPUnit\\Framework\\TestResult))
#47 /Users/rogerrojasramirez/PhpstormProjects/dinosaurTest/vendor/phpunit/phpunit/src/TextUI/Command.php(200): PHPUnit\\TextUI\\TestRunner->doRun(Object(PHPUnit\\Framework\\TestSuite), Array, true)
#48 /Users/rogerrojasramirez/PhpstormProjects/dinosaurTest/vendor/phpunit/phpunit/src/TextUI/Command.php(159): PHPUnit\\TextUI\\Command->run(Array, true)
#49 /Users/rogerrojasramirez/PhpstormProjects/dinosaurTest/vendor/phpunit/phpunit/phpunit(61): PHPUnit\\TextUI\\Command::main()
#50 {main}
"} 
